ARM GAS  C:\Users\carles\AppData\Local\Temp\ccxofVWi.s 			page 1


   1              		.syntax unified
   2              		.cpu cortex-m0
   3              		.fpu softvfp
   4              		.eabi_attribute 20, 1
   5              		.eabi_attribute 21, 1
   6              		.eabi_attribute 23, 3
   7              		.eabi_attribute 24, 1
   8              		.eabi_attribute 25, 1
   9              		.eabi_attribute 26, 1
  10              		.eabi_attribute 30, 1
  11              		.eabi_attribute 34, 0
  12              		.eabi_attribute 18, 4
  13              		.thumb
  14              		.syntax unified
  15              		.file	"main.c"
  16              		.text
  17              	.Ltext0:
  18              		.cfi_sections	.debug_frame
  19              		.global	__aeabi_uidiv
  20              		.section	.text.Counter_Interruption,"ax",%progbits
  21              		.align	2
  22              		.global	Counter_Interruption
  23              		.code	16
  24              		.thumb_func
  25              		.type	Counter_Interruption, %function
  26              	Counter_Interruption:
  27              	.LFB35:
  28              		.file 1 "main.c"
   1:main.c        **** /* ====================================================
   2:main.c        ****  * SISTEMAS INTEGRADOS EN TELECONUNICACIONES 2019/2020
   3:main.c        ****  * 05/05/2020
   4:main.c        ****  * MINIPROYECTO
   5:main.c        ****  * Reto: 3
   6:main.c        ****  * Equipo 9
   7:main.c        ****  * Héctor Marí Pérez
   8:main.c        ****  * Jordi Ferrando Vila
   9:main.c        ****  * Carles Serra Vendrell
  10:main.c        ****  * =====================================================
  11:main.c        **** */
  12:main.c        **** #include "project.h"
  13:main.c        **** 
  14:main.c        **** #define LED_ON 0u
  15:main.c        **** #define LED_OFF 1u
  16:main.c        **** 
  17:main.c        **** //Variables calculos interrupccion
  18:main.c        **** uint16 contador_ms = 0;
  19:main.c        **** uint16 max_s_contador = 10;
  20:main.c        **** uint16 distancia_cm;
  21:main.c        **** uint16 distancia_cambio = 15; //Cm
  22:main.c        **** 
  23:main.c        **** //Variables contador ADC
  24:main.c        **** int16 ADCmilivoltios = 0;
  25:main.c        **** int16 ADCcuentas = 0;
  26:main.c        **** 
  27:main.c        **** // Definición de funciones de movimiento. Dentro de estas funciones 
  28:main.c        **** // programa también el color de LED que corresponde en cada caso
  29:main.c        **** void robot_avanza (void); // Configura pines en modo avanzar
ARM GAS  C:\Users\carles\AppData\Local\Temp\ccxofVWi.s 			page 2


  30:main.c        **** void robot_retrocede (void); // Configura pines en modo retroceder
  31:main.c        **** void robot_derecha (void); // Configura pines en modo giro derecha
  32:main.c        **** void robot_izquierda (void); // Configura pines en modo giro izquierda
  33:main.c        **** void robot_parada (void); // Configura pines en modo parada
  34:main.c        **** void buzzer_pitidoEncendido (void);
  35:main.c        **** void buzzer_pitidoApagado (void);
  36:main.c        **** 
  37:main.c        **** CY_ISR(Counter_Interruption)
  38:main.c        **** {
  29              		.loc 1 38 0
  30              		.cfi_startproc
  31              		@ args = 0, pretend = 0, frame = 0
  32              		@ frame_needed = 0, uses_anonymous_args = 0
  33 0000 10B5     		push	{r4, lr}
  34              		.cfi_def_cfa_offset 8
  35              		.cfi_offset 4, -8
  36              		.cfi_offset 14, -4
  39:main.c        ****     //Obtenmos el tiempo que tarda en volver el tren de pulsos tras rebotar.
  40:main.c        ****     contador_ms = Counter_ReadCapture();
  37              		.loc 1 40 0
  38 0002 FFF7FEFF 		bl	Counter_ReadCapture
  39              	.LVL0:
  40 0006 80B2     		uxth	r0, r0
  41 0008 0D4C     		ldr	r4, .L2
  42 000a 2080     		strh	r0, [r4]
  41:main.c        ****     distancia_cm = contador_ms/58; 
  43              		.loc 1 41 0
  44 000c 3A21     		movs	r1, #58
  45 000e FFF7FEFF 		bl	__aeabi_uidiv
  46              	.LVL1:
  47 0012 0C4B     		ldr	r3, .L2+4
  48 0014 1880     		strh	r0, [r3]
  42:main.c        ****     
  43:main.c        ****     //Leer valor de conversión de cuentas en el Canal 0 del ADC
  44:main.c        ****     ADC_StartConvert();
  49              		.loc 1 44 0
  50 0016 FFF7FEFF 		bl	ADC_StartConvert
  51              	.LVL2:
  45:main.c        ****     ADC_IsEndConversion(ADC_WAIT_FOR_RESULT);
  52              		.loc 1 45 0
  53 001a 0220     		movs	r0, #2
  54 001c FFF7FEFF 		bl	ADC_IsEndConversion
  55              	.LVL3:
  46:main.c        ****     ADCcuentas = ADC_GetResult16(0);
  56              		.loc 1 46 0
  57 0020 0020     		movs	r0, #0
  58 0022 FFF7FEFF 		bl	ADC_GetResult16
  59              	.LVL4:
  60 0026 6080     		strh	r0, [r4, #2]
  47:main.c        ****     ADC_StopConvert();
  61              		.loc 1 47 0
  62 0028 FFF7FEFF 		bl	ADC_StopConvert
  63              	.LVL5:
  48:main.c        ****     
  49:main.c        ****     //Convertir de cuentas del ADC a milivoltios
  50:main.c        ****     ADCmilivoltios = ADC_CountsTo_mVolts(0, ADCcuentas);
  64              		.loc 1 50 0
ARM GAS  C:\Users\carles\AppData\Local\Temp\ccxofVWi.s 			page 3


  65 002c 0223     		movs	r3, #2
  66 002e E15E     		ldrsh	r1, [r4, r3]
  67 0030 0020     		movs	r0, #0
  68 0032 FFF7FEFF 		bl	ADC_CountsTo_mVolts
  69              	.LVL6:
  70 0036 A080     		strh	r0, [r4, #4]
  51:main.c        ****     
  52:main.c        ****     //Limpiamos contador timer
  53:main.c        ****     Counter_ClearInterrupt(Counter_INTR_MASK_CC_MATCH);
  71              		.loc 1 53 0
  72 0038 0220     		movs	r0, #2
  73 003a FFF7FEFF 		bl	Counter_ClearInterrupt
  74              	.LVL7:
  54:main.c        **** }
  75              		.loc 1 54 0
  76              		@ sp needed
  77 003e 10BD     		pop	{r4, pc}
  78              	.L3:
  79              		.align	2
  80              	.L2:
  81 0040 00000000 		.word	.LANCHOR0
  82 0044 00000000 		.word	distancia_cm
  83              		.cfi_endproc
  84              	.LFE35:
  85              		.size	Counter_Interruption, .-Counter_Interruption
  86              		.section	.text.robot_avanza,"ax",%progbits
  87              		.align	2
  88              		.global	robot_avanza
  89              		.code	16
  90              		.thumb_func
  91              		.type	robot_avanza, %function
  92              	robot_avanza:
  93              	.LFB37:
  55:main.c        **** 
  56:main.c        **** int main(void)
  57:main.c        **** {
  58:main.c        **** 	CyGlobalIntEnable; // Habilita interrupciones globales
  59:main.c        ****     
  60:main.c        ****     // Inicializa y configura Módulos PWM Motores A y B
  61:main.c        ****     PWM_1_Start();
  62:main.c        ****     PWM_2_Start();
  63:main.c        **** 	
  64:main.c        **** 	// Inicializa y configura Módulo Timer y PWM Sensor Ultrasonidos
  65:main.c        ****     Counter_Start();
  66:main.c        ****     PWM_3_Start();   
  67:main.c        ****     
  68:main.c        ****     // Habilita Interrupción del Timer para medir el tiempo de Echo - Ultrasonidos
  69:main.c        ****     Counter_Int_StartEx(Counter_Interruption);
  70:main.c        ****     
  71:main.c        ****     // Inicializa Módulo ADC Sensor IR
  72:main.c        ****     ADC_Start();
  73:main.c        ****     
  74:main.c        ****     //Incializamos leds apagados
  75:main.c        ****     Pin_Verde_Write(LED_OFF);
  76:main.c        ****     Pin_Rojo_Write(LED_OFF); 
  77:main.c        ****     Pin_Azul_Write(LED_OFF);
  78:main.c        ****     
ARM GAS  C:\Users\carles\AppData\Local\Temp\ccxofVWi.s 			page 4


  79:main.c        ****     // Delay para que el robot realice las primeras medidas de distancia y relfexión IR
  80:main.c        ****     CyDelay(3000);
  81:main.c        ****     
  82:main.c        ****     for(;;) // Superbucle
  83:main.c        ****     {
  84:main.c        ****         if(distancia_cm <= distancia_cambio)
  85:main.c        ****         {
  86:main.c        ****             //Paramos 0.5 segundos y mientras pitamos. 
  87:main.c        ****             buzzer_pitidoEncendido();
  88:main.c        ****             robot_parada();
  89:main.c        ****             CyDelay(500);
  90:main.c        ****             buzzer_pitidoApagado();
  91:main.c        ****             
  92:main.c        ****             //Retrocedemos 0.5 segundos.
  93:main.c        ****             robot_retrocede();
  94:main.c        ****             CyDelay(500);
  95:main.c        ****             
  96:main.c        ****             //Giramos 0.5 segundos.
  97:main.c        ****             robot_izquierda();
  98:main.c        ****             CyDelay(500);   
  99:main.c        ****         }
 100:main.c        ****         if(ADCmilivoltios >= 3000)
 101:main.c        ****         {
 102:main.c        ****             //Retrocedemos 0.5 segundos y mientras pitamos.
 103:main.c        ****             buzzer_pitidoEncendido();
 104:main.c        ****             robot_retrocede();
 105:main.c        ****             CyDelay(500);
 106:main.c        ****             buzzer_pitidoApagado();
 107:main.c        ****             
 108:main.c        ****             //Giramos 0.5 segundos.
 109:main.c        ****             robot_izquierda();
 110:main.c        ****             CyDelay(500); 
 111:main.c        ****         }
 112:main.c        ****         robot_avanza();
 113:main.c        ****     }
 114:main.c        **** }
 115:main.c        **** // Implemenración de las funciones para mover el robot
 116:main.c        **** void robot_avanza (void)
 117:main.c        **** {
  94              		.loc 1 117 0
  95              		.cfi_startproc
  96              		@ args = 0, pretend = 0, frame = 0
  97              		@ frame_needed = 0, uses_anonymous_args = 0
  98 0000 10B5     		push	{r4, lr}
  99              		.cfi_def_cfa_offset 8
 100              		.cfi_offset 4, -8
 101              		.cfi_offset 14, -4
 118:main.c        ****     Pin_Verde_Write(LED_ON); //LED Verde
 102              		.loc 1 118 0
 103 0002 0020     		movs	r0, #0
 104 0004 FFF7FEFF 		bl	Pin_Verde_Write
 105              	.LVL8:
 119:main.c        ****     Pin_Rojo_Write(LED_OFF); //Apago el pin que no se usa para no mezclar colores
 106              		.loc 1 119 0
 107 0008 0120     		movs	r0, #1
 108 000a FFF7FEFF 		bl	Pin_Rojo_Write
 109              	.LVL9:
ARM GAS  C:\Users\carles\AppData\Local\Temp\ccxofVWi.s 			page 5


 120:main.c        ****     Pin_Azul_Write(LED_OFF); //Apago el pin que no se usa para no mezclar colores
 110              		.loc 1 120 0
 111 000e 0120     		movs	r0, #1
 112 0010 FFF7FEFF 		bl	Pin_Azul_Write
 113              	.LVL10:
 121:main.c        ****     
 122:main.c        ****     //Configuración Robot avanza
 123:main.c        ****     Pin_MotorA_A_Write(1); //Motor A avanza
 114              		.loc 1 123 0
 115 0014 0120     		movs	r0, #1
 116 0016 FFF7FEFF 		bl	Pin_MotorA_A_Write
 117              	.LVL11:
 124:main.c        ****     Pin_MotorA_R_Write(0); //Motor A avanza
 118              		.loc 1 124 0
 119 001a 0020     		movs	r0, #0
 120 001c FFF7FEFF 		bl	Pin_MotorA_R_Write
 121              	.LVL12:
 125:main.c        ****     Pin_MotorB_A_Write(1); //Motor B avanza
 122              		.loc 1 125 0
 123 0020 0120     		movs	r0, #1
 124 0022 FFF7FEFF 		bl	Pin_MotorB_A_Write
 125              	.LVL13:
 126:main.c        ****     Pin_MotorB_R_Write(0); //Motor B avanza
 126              		.loc 1 126 0
 127 0026 0020     		movs	r0, #0
 128 0028 FFF7FEFF 		bl	Pin_MotorB_R_Write
 129              	.LVL14:
 127:main.c        ****     
 128:main.c        ****     PWM_1_WriteCompare(35);//Ajusto velocidad de giro motor A al 35 %
 130              		.loc 1 128 0
 131 002c 2320     		movs	r0, #35
 132 002e FFF7FEFF 		bl	PWM_1_WriteCompare
 133              	.LVL15:
 129:main.c        ****     PWM_2_WriteCompare(35);//Ajusto velocidad de giro motor B al 35 %
 134              		.loc 1 129 0
 135 0032 2320     		movs	r0, #35
 136 0034 FFF7FEFF 		bl	PWM_2_WriteCompare
 137              	.LVL16:
 130:main.c        **** }
 138              		.loc 1 130 0
 139              		@ sp needed
 140 0038 10BD     		pop	{r4, pc}
 141              		.cfi_endproc
 142              	.LFE37:
 143              		.size	robot_avanza, .-robot_avanza
 144 003a C046     		.section	.text.robot_retrocede,"ax",%progbits
 145              		.align	2
 146              		.global	robot_retrocede
 147              		.code	16
 148              		.thumb_func
 149              		.type	robot_retrocede, %function
 150              	robot_retrocede:
 151              	.LFB38:
 131:main.c        **** void robot_retrocede (void)
 132:main.c        **** {
 152              		.loc 1 132 0
 153              		.cfi_startproc
ARM GAS  C:\Users\carles\AppData\Local\Temp\ccxofVWi.s 			page 6


 154              		@ args = 0, pretend = 0, frame = 0
 155              		@ frame_needed = 0, uses_anonymous_args = 0
 156 0000 10B5     		push	{r4, lr}
 157              		.cfi_def_cfa_offset 8
 158              		.cfi_offset 4, -8
 159              		.cfi_offset 14, -4
 133:main.c        ****     Pin_Verde_Write(LED_OFF); //Apago el pin que no se usa para no mezclar colores
 160              		.loc 1 133 0
 161 0002 0120     		movs	r0, #1
 162 0004 FFF7FEFF 		bl	Pin_Verde_Write
 163              	.LVL17:
 134:main.c        ****     Pin_Rojo_Write(LED_ON); //LED Rojo
 164              		.loc 1 134 0
 165 0008 0020     		movs	r0, #0
 166 000a FFF7FEFF 		bl	Pin_Rojo_Write
 167              	.LVL18:
 135:main.c        ****     Pin_Azul_Write(LED_OFF); //Apago el pin que no se usa para no mezclar colores
 168              		.loc 1 135 0
 169 000e 0120     		movs	r0, #1
 170 0010 FFF7FEFF 		bl	Pin_Azul_Write
 171              	.LVL19:
 136:main.c        ****     
 137:main.c        ****     //Configuración Robot retrocede
 138:main.c        ****     Pin_MotorA_A_Write(0); //Motor A retrocede
 172              		.loc 1 138 0
 173 0014 0020     		movs	r0, #0
 174 0016 FFF7FEFF 		bl	Pin_MotorA_A_Write
 175              	.LVL20:
 139:main.c        ****     Pin_MotorA_R_Write(1); //Motor A retrocede
 176              		.loc 1 139 0
 177 001a 0120     		movs	r0, #1
 178 001c FFF7FEFF 		bl	Pin_MotorA_R_Write
 179              	.LVL21:
 140:main.c        ****     Pin_MotorB_A_Write(0); //Motor B retrocede
 180              		.loc 1 140 0
 181 0020 0020     		movs	r0, #0
 182 0022 FFF7FEFF 		bl	Pin_MotorB_A_Write
 183              	.LVL22:
 141:main.c        ****     Pin_MotorB_R_Write(1); //Motor B retrocede
 184              		.loc 1 141 0
 185 0026 0120     		movs	r0, #1
 186 0028 FFF7FEFF 		bl	Pin_MotorB_R_Write
 187              	.LVL23:
 142:main.c        ****     PWM_1_WriteCompare(35);//Ajusto velocidad de giro motor A al 35 %
 188              		.loc 1 142 0
 189 002c 2320     		movs	r0, #35
 190 002e FFF7FEFF 		bl	PWM_1_WriteCompare
 191              	.LVL24:
 143:main.c        ****     PWM_2_WriteCompare(35);//Ajusto velocidad de giro motor B al 35 %
 192              		.loc 1 143 0
 193 0032 2320     		movs	r0, #35
 194 0034 FFF7FEFF 		bl	PWM_2_WriteCompare
 195              	.LVL25:
 144:main.c        **** }
 196              		.loc 1 144 0
 197              		@ sp needed
 198 0038 10BD     		pop	{r4, pc}
ARM GAS  C:\Users\carles\AppData\Local\Temp\ccxofVWi.s 			page 7


 199              		.cfi_endproc
 200              	.LFE38:
 201              		.size	robot_retrocede, .-robot_retrocede
 202 003a C046     		.section	.text.robot_izquierda,"ax",%progbits
 203              		.align	2
 204              		.global	robot_izquierda
 205              		.code	16
 206              		.thumb_func
 207              		.type	robot_izquierda, %function
 208              	robot_izquierda:
 209              	.LFB39:
 145:main.c        **** void robot_izquierda (void)
 146:main.c        **** {
 210              		.loc 1 146 0
 211              		.cfi_startproc
 212              		@ args = 0, pretend = 0, frame = 0
 213              		@ frame_needed = 0, uses_anonymous_args = 0
 214 0000 10B5     		push	{r4, lr}
 215              		.cfi_def_cfa_offset 8
 216              		.cfi_offset 4, -8
 217              		.cfi_offset 14, -4
 147:main.c        ****     Pin_Verde_Write(LED_OFF); //Apago el pin que no se usa para no mezclar colores
 218              		.loc 1 147 0
 219 0002 0120     		movs	r0, #1
 220 0004 FFF7FEFF 		bl	Pin_Verde_Write
 221              	.LVL26:
 148:main.c        ****     Pin_Rojo_Write(LED_ON); //LED Morado
 222              		.loc 1 148 0
 223 0008 0020     		movs	r0, #0
 224 000a FFF7FEFF 		bl	Pin_Rojo_Write
 225              	.LVL27:
 149:main.c        ****     Pin_Azul_Write(LED_ON); //LED Morado
 226              		.loc 1 149 0
 227 000e 0020     		movs	r0, #0
 228 0010 FFF7FEFF 		bl	Pin_Azul_Write
 229              	.LVL28:
 150:main.c        ****     
 151:main.c        ****     //Configuración Girar Robot hacia la Izquierda
 152:main.c        ****     Pin_MotorA_A_Write(1); //Motor A avanza
 230              		.loc 1 152 0
 231 0014 0120     		movs	r0, #1
 232 0016 FFF7FEFF 		bl	Pin_MotorA_A_Write
 233              	.LVL29:
 153:main.c        ****     Pin_MotorA_R_Write(0); //Motor A avanza
 234              		.loc 1 153 0
 235 001a 0020     		movs	r0, #0
 236 001c FFF7FEFF 		bl	Pin_MotorA_R_Write
 237              	.LVL30:
 154:main.c        ****     Pin_MotorB_A_Write(0); //Motor B retrocede
 238              		.loc 1 154 0
 239 0020 0020     		movs	r0, #0
 240 0022 FFF7FEFF 		bl	Pin_MotorB_A_Write
 241              	.LVL31:
 155:main.c        ****     Pin_MotorB_R_Write(1); //Motor B retrocede
 242              		.loc 1 155 0
 243 0026 0120     		movs	r0, #1
 244 0028 FFF7FEFF 		bl	Pin_MotorB_R_Write
ARM GAS  C:\Users\carles\AppData\Local\Temp\ccxofVWi.s 			page 8


 245              	.LVL32:
 156:main.c        ****     PWM_1_WriteCompare(40);//Ajusto velocidad de giro motor A al 40 %
 246              		.loc 1 156 0
 247 002c 2820     		movs	r0, #40
 248 002e FFF7FEFF 		bl	PWM_1_WriteCompare
 249              	.LVL33:
 157:main.c        ****     PWM_2_WriteCompare(40);//Ajusto velocidad de giro motor B al 40 %
 250              		.loc 1 157 0
 251 0032 2820     		movs	r0, #40
 252 0034 FFF7FEFF 		bl	PWM_2_WriteCompare
 253              	.LVL34:
 158:main.c        **** }
 254              		.loc 1 158 0
 255              		@ sp needed
 256 0038 10BD     		pop	{r4, pc}
 257              		.cfi_endproc
 258              	.LFE39:
 259              		.size	robot_izquierda, .-robot_izquierda
 260 003a C046     		.section	.text.robot_derecha,"ax",%progbits
 261              		.align	2
 262              		.global	robot_derecha
 263              		.code	16
 264              		.thumb_func
 265              		.type	robot_derecha, %function
 266              	robot_derecha:
 267              	.LFB40:
 159:main.c        **** void robot_derecha (void) // Implementación de la función de giro derecha
 160:main.c        **** {
 268              		.loc 1 160 0
 269              		.cfi_startproc
 270              		@ args = 0, pretend = 0, frame = 0
 271              		@ frame_needed = 0, uses_anonymous_args = 0
 272 0000 10B5     		push	{r4, lr}
 273              		.cfi_def_cfa_offset 8
 274              		.cfi_offset 4, -8
 275              		.cfi_offset 14, -4
 161:main.c        ****     Pin_Verde_Write(LED_ON); //LED Amarillo
 276              		.loc 1 161 0
 277 0002 0020     		movs	r0, #0
 278 0004 FFF7FEFF 		bl	Pin_Verde_Write
 279              	.LVL35:
 162:main.c        ****     Pin_Rojo_Write(LED_ON); //LED Amarillo
 280              		.loc 1 162 0
 281 0008 0020     		movs	r0, #0
 282 000a FFF7FEFF 		bl	Pin_Rojo_Write
 283              	.LVL36:
 163:main.c        ****     Pin_Azul_Write(LED_OFF); //Apago el pin que no se usa para no mezclar colores
 284              		.loc 1 163 0
 285 000e 0120     		movs	r0, #1
 286 0010 FFF7FEFF 		bl	Pin_Azul_Write
 287              	.LVL37:
 164:main.c        ****     
 165:main.c        ****     //Configuración Girar Robot hacia la Derecha
 166:main.c        ****     Pin_MotorA_A_Write(0); //Motor A retrocede
 288              		.loc 1 166 0
 289 0014 0020     		movs	r0, #0
 290 0016 FFF7FEFF 		bl	Pin_MotorA_A_Write
ARM GAS  C:\Users\carles\AppData\Local\Temp\ccxofVWi.s 			page 9


 291              	.LVL38:
 167:main.c        ****     Pin_MotorA_R_Write(1); //Motor A retrocede
 292              		.loc 1 167 0
 293 001a 0120     		movs	r0, #1
 294 001c FFF7FEFF 		bl	Pin_MotorA_R_Write
 295              	.LVL39:
 168:main.c        ****     Pin_MotorB_A_Write(1); //Motor B avanza
 296              		.loc 1 168 0
 297 0020 0120     		movs	r0, #1
 298 0022 FFF7FEFF 		bl	Pin_MotorB_A_Write
 299              	.LVL40:
 169:main.c        ****     Pin_MotorB_R_Write(0); //Motor B avanza
 300              		.loc 1 169 0
 301 0026 0020     		movs	r0, #0
 302 0028 FFF7FEFF 		bl	Pin_MotorB_R_Write
 303              	.LVL41:
 170:main.c        ****     
 171:main.c        ****     PWM_1_WriteCompare(40);//Ajusto velocidad de giro motor A al 40 %
 304              		.loc 1 171 0
 305 002c 2820     		movs	r0, #40
 306 002e FFF7FEFF 		bl	PWM_1_WriteCompare
 307              	.LVL42:
 172:main.c        ****     PWM_2_WriteCompare(40);//Ajusto velocidad de giro motor B al 40 %
 308              		.loc 1 172 0
 309 0032 2820     		movs	r0, #40
 310 0034 FFF7FEFF 		bl	PWM_2_WriteCompare
 311              	.LVL43:
 173:main.c        **** }
 312              		.loc 1 173 0
 313              		@ sp needed
 314 0038 10BD     		pop	{r4, pc}
 315              		.cfi_endproc
 316              	.LFE40:
 317              		.size	robot_derecha, .-robot_derecha
 318 003a C046     		.section	.text.robot_parada,"ax",%progbits
 319              		.align	2
 320              		.global	robot_parada
 321              		.code	16
 322              		.thumb_func
 323              		.type	robot_parada, %function
 324              	robot_parada:
 325              	.LFB41:
 174:main.c        **** void robot_parada (void)
 175:main.c        **** {
 326              		.loc 1 175 0
 327              		.cfi_startproc
 328              		@ args = 0, pretend = 0, frame = 0
 329              		@ frame_needed = 0, uses_anonymous_args = 0
 330 0000 10B5     		push	{r4, lr}
 331              		.cfi_def_cfa_offset 8
 332              		.cfi_offset 4, -8
 333              		.cfi_offset 14, -4
 176:main.c        ****     Pin_Verde_Write(LED_OFF); //Apago el pin que no se usa para no mezclar colores
 334              		.loc 1 176 0
 335 0002 0120     		movs	r0, #1
 336 0004 FFF7FEFF 		bl	Pin_Verde_Write
 337              	.LVL44:
ARM GAS  C:\Users\carles\AppData\Local\Temp\ccxofVWi.s 			page 10


 177:main.c        ****     Pin_Rojo_Write(LED_OFF); //Apago el pin que no se usa para no mezclar colores
 338              		.loc 1 177 0
 339 0008 0120     		movs	r0, #1
 340 000a FFF7FEFF 		bl	Pin_Rojo_Write
 341              	.LVL45:
 178:main.c        ****     Pin_Azul_Write(LED_ON); //LED Azul
 342              		.loc 1 178 0
 343 000e 0020     		movs	r0, #0
 344 0010 FFF7FEFF 		bl	Pin_Azul_Write
 345              	.LVL46:
 179:main.c        ****     
 180:main.c        ****     //Ruedas bloqueadas.
 181:main.c        ****     Pin_MotorA_A_Write(1); //Motor A apagado
 346              		.loc 1 181 0
 347 0014 0120     		movs	r0, #1
 348 0016 FFF7FEFF 		bl	Pin_MotorA_A_Write
 349              	.LVL47:
 182:main.c        ****     Pin_MotorA_R_Write(1); //Motor A apagado
 350              		.loc 1 182 0
 351 001a 0120     		movs	r0, #1
 352 001c FFF7FEFF 		bl	Pin_MotorA_R_Write
 353              	.LVL48:
 183:main.c        ****     Pin_MotorB_A_Write(1); //Motor B apagado
 354              		.loc 1 183 0
 355 0020 0120     		movs	r0, #1
 356 0022 FFF7FEFF 		bl	Pin_MotorB_A_Write
 357              	.LVL49:
 184:main.c        ****     Pin_MotorB_R_Write(1); //Motor B apagado
 358              		.loc 1 184 0
 359 0026 0120     		movs	r0, #1
 360 0028 FFF7FEFF 		bl	Pin_MotorB_R_Write
 361              	.LVL50:
 185:main.c        ****     
 186:main.c        ****     PWM_1_WriteCompare(1);//Ajusto velocidad de giro motor A al 0 %
 362              		.loc 1 186 0
 363 002c 0120     		movs	r0, #1
 364 002e FFF7FEFF 		bl	PWM_1_WriteCompare
 365              	.LVL51:
 187:main.c        ****     PWM_2_WriteCompare(1);//Ajusto velocidad de giro motor B al 0 %
 366              		.loc 1 187 0
 367 0032 0120     		movs	r0, #1
 368 0034 FFF7FEFF 		bl	PWM_2_WriteCompare
 369              	.LVL52:
 188:main.c        **** }
 370              		.loc 1 188 0
 371              		@ sp needed
 372 0038 10BD     		pop	{r4, pc}
 373              		.cfi_endproc
 374              	.LFE41:
 375              		.size	robot_parada, .-robot_parada
 376 003a C046     		.section	.text.buzzer_pitidoEncendido,"ax",%progbits
 377              		.align	2
 378              		.global	buzzer_pitidoEncendido
 379              		.code	16
 380              		.thumb_func
 381              		.type	buzzer_pitidoEncendido, %function
 382              	buzzer_pitidoEncendido:
ARM GAS  C:\Users\carles\AppData\Local\Temp\ccxofVWi.s 			page 11


 383              	.LFB42:
 189:main.c        **** void buzzer_pitidoEncendido (void)
 190:main.c        **** {
 384              		.loc 1 190 0
 385              		.cfi_startproc
 386              		@ args = 0, pretend = 0, frame = 0
 387              		@ frame_needed = 0, uses_anonymous_args = 0
 388 0000 10B5     		push	{r4, lr}
 389              		.cfi_def_cfa_offset 8
 390              		.cfi_offset 4, -8
 391              		.cfi_offset 14, -4
 191:main.c        ****     Pin_Zumbador_Write(1u);
 392              		.loc 1 191 0
 393 0002 0120     		movs	r0, #1
 394 0004 FFF7FEFF 		bl	Pin_Zumbador_Write
 395              	.LVL53:
 192:main.c        **** }
 396              		.loc 1 192 0
 397              		@ sp needed
 398 0008 10BD     		pop	{r4, pc}
 399              		.cfi_endproc
 400              	.LFE42:
 401              		.size	buzzer_pitidoEncendido, .-buzzer_pitidoEncendido
 402 000a C046     		.section	.text.buzzer_pitidoApagado,"ax",%progbits
 403              		.align	2
 404              		.global	buzzer_pitidoApagado
 405              		.code	16
 406              		.thumb_func
 407              		.type	buzzer_pitidoApagado, %function
 408              	buzzer_pitidoApagado:
 409              	.LFB43:
 193:main.c        **** 
 194:main.c        **** void buzzer_pitidoApagado (void)
 195:main.c        **** {
 410              		.loc 1 195 0
 411              		.cfi_startproc
 412              		@ args = 0, pretend = 0, frame = 0
 413              		@ frame_needed = 0, uses_anonymous_args = 0
 414 0000 10B5     		push	{r4, lr}
 415              		.cfi_def_cfa_offset 8
 416              		.cfi_offset 4, -8
 417              		.cfi_offset 14, -4
 196:main.c        ****     Pin_Zumbador_Write(0u);
 418              		.loc 1 196 0
 419 0002 0020     		movs	r0, #0
 420 0004 FFF7FEFF 		bl	Pin_Zumbador_Write
 421              	.LVL54:
 197:main.c        **** }
 422              		.loc 1 197 0
 423              		@ sp needed
 424 0008 10BD     		pop	{r4, pc}
 425              		.cfi_endproc
 426              	.LFE43:
 427              		.size	buzzer_pitidoApagado, .-buzzer_pitidoApagado
 428 000a C046     		.section	.text.main,"ax",%progbits
 429              		.align	2
 430              		.global	main
ARM GAS  C:\Users\carles\AppData\Local\Temp\ccxofVWi.s 			page 12


 431              		.code	16
 432              		.thumb_func
 433              		.type	main, %function
 434              	main:
 435              	.LFB36:
  57:main.c        **** 	CyGlobalIntEnable; // Habilita interrupciones globales
 436              		.loc 1 57 0
 437              		.cfi_startproc
 438              		@ Volatile: function does not return.
 439              		@ args = 0, pretend = 0, frame = 0
 440              		@ frame_needed = 0, uses_anonymous_args = 0
 441 0000 10B5     		push	{r4, lr}
 442              		.cfi_def_cfa_offset 8
 443              		.cfi_offset 4, -8
 444              		.cfi_offset 14, -4
  58:main.c        ****     
 445              		.loc 1 58 0
 446              		.syntax divided
 447              	@ 58 "main.c" 1
 448 0002 62B6     		CPSIE   i
 449              	@ 0 "" 2
  61:main.c        ****     PWM_2_Start();
 450              		.loc 1 61 0
 451              		.thumb
 452              		.syntax unified
 453 0004 FFF7FEFF 		bl	PWM_1_Start
 454              	.LVL55:
  62:main.c        **** 	
 455              		.loc 1 62 0
 456 0008 FFF7FEFF 		bl	PWM_2_Start
 457              	.LVL56:
  65:main.c        ****     PWM_3_Start();   
 458              		.loc 1 65 0
 459 000c FFF7FEFF 		bl	Counter_Start
 460              	.LVL57:
  66:main.c        ****     
 461              		.loc 1 66 0
 462 0010 FFF7FEFF 		bl	PWM_3_Start
 463              	.LVL58:
  69:main.c        ****     
 464              		.loc 1 69 0
 465 0014 2248     		ldr	r0, .L15
 466 0016 FFF7FEFF 		bl	Counter_Int_StartEx
 467              	.LVL59:
  72:main.c        ****     
 468              		.loc 1 72 0
 469 001a FFF7FEFF 		bl	ADC_Start
 470              	.LVL60:
  75:main.c        ****     Pin_Rojo_Write(LED_OFF); 
 471              		.loc 1 75 0
 472 001e 0120     		movs	r0, #1
 473 0020 FFF7FEFF 		bl	Pin_Verde_Write
 474              	.LVL61:
  76:main.c        ****     Pin_Azul_Write(LED_OFF);
 475              		.loc 1 76 0
 476 0024 0120     		movs	r0, #1
 477 0026 FFF7FEFF 		bl	Pin_Rojo_Write
ARM GAS  C:\Users\carles\AppData\Local\Temp\ccxofVWi.s 			page 13


 478              	.LVL62:
  77:main.c        ****     
 479              		.loc 1 77 0
 480 002a 0120     		movs	r0, #1
 481 002c FFF7FEFF 		bl	Pin_Azul_Write
 482              	.LVL63:
  80:main.c        ****     
 483              		.loc 1 80 0
 484 0030 1C48     		ldr	r0, .L15+4
 485 0032 FFF7FEFF 		bl	CyDelay
 486              	.LVL64:
 487              	.L14:
  84:main.c        ****         {
 488              		.loc 1 84 0
 489 0036 1C4B     		ldr	r3, .L15+8
 490 0038 1A88     		ldrh	r2, [r3]
 491 003a 1C4B     		ldr	r3, .L15+12
 492 003c 1B88     		ldrh	r3, [r3]
 493 003e 9A42     		cmp	r2, r3
 494 0040 14D8     		bhi	.L12
  87:main.c        ****             robot_parada();
 495              		.loc 1 87 0
 496 0042 FFF7FEFF 		bl	buzzer_pitidoEncendido
 497              	.LVL65:
  88:main.c        ****             CyDelay(500);
 498              		.loc 1 88 0
 499 0046 FFF7FEFF 		bl	robot_parada
 500              	.LVL66:
  89:main.c        ****             buzzer_pitidoApagado();
 501              		.loc 1 89 0
 502 004a FA24     		movs	r4, #250
 503 004c 6400     		lsls	r4, r4, #1
 504 004e 2000     		movs	r0, r4
 505 0050 FFF7FEFF 		bl	CyDelay
 506              	.LVL67:
  90:main.c        ****             
 507              		.loc 1 90 0
 508 0054 FFF7FEFF 		bl	buzzer_pitidoApagado
 509              	.LVL68:
  93:main.c        ****             CyDelay(500);
 510              		.loc 1 93 0
 511 0058 FFF7FEFF 		bl	robot_retrocede
 512              	.LVL69:
  94:main.c        ****             
 513              		.loc 1 94 0
 514 005c 2000     		movs	r0, r4
 515 005e FFF7FEFF 		bl	CyDelay
 516              	.LVL70:
  97:main.c        ****             CyDelay(500);   
 517              		.loc 1 97 0
 518 0062 FFF7FEFF 		bl	robot_izquierda
 519              	.LVL71:
  98:main.c        ****         }
 520              		.loc 1 98 0
 521 0066 2000     		movs	r0, r4
 522 0068 FFF7FEFF 		bl	CyDelay
 523              	.LVL72:
ARM GAS  C:\Users\carles\AppData\Local\Temp\ccxofVWi.s 			page 14


 524              	.L12:
 100:main.c        ****         {
 525              		.loc 1 100 0
 526 006c 104B     		ldr	r3, .L15+16
 527 006e 0422     		movs	r2, #4
 528 0070 9A5E     		ldrsh	r2, [r3, r2]
 529 0072 104B     		ldr	r3, .L15+20
 530 0074 9A42     		cmp	r2, r3
 531 0076 0FDD     		ble	.L13
 103:main.c        ****             robot_retrocede();
 532              		.loc 1 103 0
 533 0078 FFF7FEFF 		bl	buzzer_pitidoEncendido
 534              	.LVL73:
 104:main.c        ****             CyDelay(500);
 535              		.loc 1 104 0
 536 007c FFF7FEFF 		bl	robot_retrocede
 537              	.LVL74:
 105:main.c        ****             buzzer_pitidoApagado();
 538              		.loc 1 105 0
 539 0080 FA24     		movs	r4, #250
 540 0082 6400     		lsls	r4, r4, #1
 541 0084 2000     		movs	r0, r4
 542 0086 FFF7FEFF 		bl	CyDelay
 543              	.LVL75:
 106:main.c        ****             
 544              		.loc 1 106 0
 545 008a FFF7FEFF 		bl	buzzer_pitidoApagado
 546              	.LVL76:
 109:main.c        ****             CyDelay(500); 
 547              		.loc 1 109 0
 548 008e FFF7FEFF 		bl	robot_izquierda
 549              	.LVL77:
 110:main.c        ****         }
 550              		.loc 1 110 0
 551 0092 2000     		movs	r0, r4
 552 0094 FFF7FEFF 		bl	CyDelay
 553              	.LVL78:
 554              	.L13:
 112:main.c        ****     }
 555              		.loc 1 112 0
 556 0098 FFF7FEFF 		bl	robot_avanza
 557              	.LVL79:
 113:main.c        **** }
 558              		.loc 1 113 0
 559 009c CBE7     		b	.L14
 560              	.L16:
 561 009e C046     		.align	2
 562              	.L15:
 563 00a0 00000000 		.word	Counter_Interruption
 564 00a4 B80B0000 		.word	3000
 565 00a8 00000000 		.word	distancia_cm
 566 00ac 00000000 		.word	.LANCHOR1
 567 00b0 00000000 		.word	.LANCHOR0
 568 00b4 B70B0000 		.word	2999
 569              		.cfi_endproc
 570              	.LFE36:
 571              		.size	main, .-main
ARM GAS  C:\Users\carles\AppData\Local\Temp\ccxofVWi.s 			page 15


 572              		.global	ADCcuentas
 573              		.global	ADCmilivoltios
 574              		.global	distancia_cambio
 575              		.comm	distancia_cm,2,2
 576              		.global	max_s_contador
 577              		.global	contador_ms
 578              		.data
 579              		.align	1
 580              		.set	.LANCHOR1,. + 0
 581              		.type	distancia_cambio, %object
 582              		.size	distancia_cambio, 2
 583              	distancia_cambio:
 584 0000 0F00     		.short	15
 585              		.type	max_s_contador, %object
 586              		.size	max_s_contador, 2
 587              	max_s_contador:
 588 0002 0A00     		.short	10
 589              		.bss
 590              		.align	1
 591              		.set	.LANCHOR0,. + 0
 592              		.type	contador_ms, %object
 593              		.size	contador_ms, 2
 594              	contador_ms:
 595 0000 0000     		.space	2
 596              		.type	ADCcuentas, %object
 597              		.size	ADCcuentas, 2
 598              	ADCcuentas:
 599 0002 0000     		.space	2
 600              		.type	ADCmilivoltios, %object
 601              		.size	ADCmilivoltios, 2
 602              	ADCmilivoltios:
 603 0004 0000     		.space	2
 604              		.text
 605              	.Letext0:
 606              		.file 2 "Generated_Source\\PSoC4/cytypes.h"
 607              		.file 3 "Generated_Source\\PSoC4/Counter.h"
 608              		.file 4 "Generated_Source\\PSoC4/ADC.h"
 609              		.file 5 "Generated_Source\\PSoC4/Pin_Verde.h"
 610              		.file 6 "Generated_Source\\PSoC4/Pin_Rojo.h"
 611              		.file 7 "Generated_Source\\PSoC4/Pin_Azul.h"
 612              		.file 8 "Generated_Source\\PSoC4/Pin_MotorA_A.h"
 613              		.file 9 "Generated_Source\\PSoC4/Pin_MotorA_R.h"
 614              		.file 10 "Generated_Source\\PSoC4/Pin_MotorB_A.h"
 615              		.file 11 "Generated_Source\\PSoC4/Pin_MotorB_R.h"
 616              		.file 12 "Generated_Source\\PSoC4/PWM_1.h"
 617              		.file 13 "Generated_Source\\PSoC4/PWM_2.h"
 618              		.file 14 "Generated_Source\\PSoC4/Pin_Zumbador.h"
 619              		.file 15 "Generated_Source\\PSoC4/PWM_3.h"
 620              		.file 16 "Generated_Source\\PSoC4/Counter_Int.h"
 621              		.file 17 "Generated_Source\\PSoC4/CyLib.h"
 622              		.section	.debug_info,"",%progbits
 623              	.Ldebug_info0:
 624 0000 0B080000 		.4byte	0x80b
 625 0004 0400     		.2byte	0x4
 626 0006 00000000 		.4byte	.Ldebug_abbrev0
 627 000a 04       		.byte	0x4
 628 000b 01       		.uleb128 0x1
ARM GAS  C:\Users\carles\AppData\Local\Temp\ccxofVWi.s 			page 16


 629 000c A9020000 		.4byte	.LASF55
 630 0010 0C       		.byte	0xc
 631 0011 7D030000 		.4byte	.LASF56
 632 0015 D1000000 		.4byte	.LASF57
 633 0019 00000000 		.4byte	.Ldebug_ranges0+0
 634 001d 00000000 		.4byte	0
 635 0021 00000000 		.4byte	.Ldebug_line0
 636 0025 02       		.uleb128 0x2
 637 0026 01       		.byte	0x1
 638 0027 06       		.byte	0x6
 639 0028 DF030000 		.4byte	.LASF0
 640 002c 02       		.uleb128 0x2
 641 002d 01       		.byte	0x1
 642 002e 08       		.byte	0x8
 643 002f 6D010000 		.4byte	.LASF1
 644 0033 02       		.uleb128 0x2
 645 0034 02       		.byte	0x2
 646 0035 05       		.byte	0x5
 647 0036 B0030000 		.4byte	.LASF2
 648 003a 02       		.uleb128 0x2
 649 003b 02       		.byte	0x2
 650 003c 07       		.byte	0x7
 651 003d 5C000000 		.4byte	.LASF3
 652 0041 02       		.uleb128 0x2
 653 0042 04       		.byte	0x4
 654 0043 05       		.byte	0x5
 655 0044 CA030000 		.4byte	.LASF4
 656 0048 02       		.uleb128 0x2
 657 0049 04       		.byte	0x4
 658 004a 07       		.byte	0x7
 659 004b F4010000 		.4byte	.LASF5
 660 004f 02       		.uleb128 0x2
 661 0050 08       		.byte	0x8
 662 0051 05       		.byte	0x5
 663 0052 66030000 		.4byte	.LASF6
 664 0056 02       		.uleb128 0x2
 665 0057 08       		.byte	0x8
 666 0058 07       		.byte	0x7
 667 0059 68020000 		.4byte	.LASF7
 668 005d 03       		.uleb128 0x3
 669 005e 04       		.byte	0x4
 670 005f 05       		.byte	0x5
 671 0060 696E7400 		.ascii	"int\000"
 672 0064 02       		.uleb128 0x2
 673 0065 04       		.byte	0x4
 674 0066 07       		.byte	0x7
 675 0067 5B020000 		.4byte	.LASF8
 676 006b 04       		.uleb128 0x4
 677 006c 3C020000 		.4byte	.LASF9
 678 0070 02       		.byte	0x2
 679 0071 E501     		.2byte	0x1e5
 680 0073 3A000000 		.4byte	0x3a
 681 0077 04       		.uleb128 0x4
 682 0078 43020000 		.4byte	.LASF10
 683 007c 02       		.byte	0x2
 684 007d E601     		.2byte	0x1e6
 685 007f 48000000 		.4byte	0x48
ARM GAS  C:\Users\carles\AppData\Local\Temp\ccxofVWi.s 			page 17


 686 0083 04       		.uleb128 0x4
 687 0084 A0010000 		.4byte	.LASF11
 688 0088 02       		.byte	0x2
 689 0089 E801     		.2byte	0x1e8
 690 008b 33000000 		.4byte	0x33
 691 008f 02       		.uleb128 0x2
 692 0090 04       		.byte	0x4
 693 0091 04       		.byte	0x4
 694 0092 42010000 		.4byte	.LASF12
 695 0096 02       		.uleb128 0x2
 696 0097 08       		.byte	0x8
 697 0098 04       		.byte	0x4
 698 0099 A4000000 		.4byte	.LASF13
 699 009d 02       		.uleb128 0x2
 700 009e 01       		.byte	0x1
 701 009f 08       		.byte	0x8
 702 00a0 84030000 		.4byte	.LASF14
 703 00a4 02       		.uleb128 0x2
 704 00a5 08       		.byte	0x8
 705 00a6 04       		.byte	0x4
 706 00a7 D3030000 		.4byte	.LASF15
 707 00ab 02       		.uleb128 0x2
 708 00ac 04       		.byte	0x4
 709 00ad 07       		.byte	0x7
 710 00ae 74030000 		.4byte	.LASF16
 711 00b2 05       		.uleb128 0x5
 712 00b3 58010000 		.4byte	.LASF17
 713 00b7 01       		.byte	0x1
 714 00b8 25       		.byte	0x25
 715 00b9 00000000 		.4byte	.LFB35
 716 00bd 48000000 		.4byte	.LFE35-.LFB35
 717 00c1 01       		.uleb128 0x1
 718 00c2 9C       		.byte	0x9c
 719 00c3 2B010000 		.4byte	0x12b
 720 00c7 06       		.uleb128 0x6
 721 00c8 06000000 		.4byte	.LVL0
 722 00cc FE060000 		.4byte	0x6fe
 723 00d0 06       		.uleb128 0x6
 724 00d1 1A000000 		.4byte	.LVL2
 725 00d5 0A070000 		.4byte	0x70a
 726 00d9 07       		.uleb128 0x7
 727 00da 20000000 		.4byte	.LVL3
 728 00de 15070000 		.4byte	0x715
 729 00e2 EC000000 		.4byte	0xec
 730 00e6 08       		.uleb128 0x8
 731 00e7 01       		.uleb128 0x1
 732 00e8 50       		.byte	0x50
 733 00e9 01       		.uleb128 0x1
 734 00ea 32       		.byte	0x32
 735 00eb 00       		.byte	0
 736 00ec 07       		.uleb128 0x7
 737 00ed 26000000 		.4byte	.LVL4
 738 00f1 20070000 		.4byte	0x720
 739 00f5 FF000000 		.4byte	0xff
 740 00f9 08       		.uleb128 0x8
 741 00fa 01       		.uleb128 0x1
 742 00fb 50       		.byte	0x50
ARM GAS  C:\Users\carles\AppData\Local\Temp\ccxofVWi.s 			page 18


 743 00fc 01       		.uleb128 0x1
 744 00fd 30       		.byte	0x30
 745 00fe 00       		.byte	0
 746 00ff 06       		.uleb128 0x6
 747 0100 2C000000 		.4byte	.LVL5
 748 0104 2B070000 		.4byte	0x72b
 749 0108 07       		.uleb128 0x7
 750 0109 36000000 		.4byte	.LVL6
 751 010d 36070000 		.4byte	0x736
 752 0111 1B010000 		.4byte	0x11b
 753 0115 08       		.uleb128 0x8
 754 0116 01       		.uleb128 0x1
 755 0117 50       		.byte	0x50
 756 0118 01       		.uleb128 0x1
 757 0119 30       		.byte	0x30
 758 011a 00       		.byte	0
 759 011b 09       		.uleb128 0x9
 760 011c 3E000000 		.4byte	.LVL7
 761 0120 41070000 		.4byte	0x741
 762 0124 08       		.uleb128 0x8
 763 0125 01       		.uleb128 0x1
 764 0126 50       		.byte	0x50
 765 0127 01       		.uleb128 0x1
 766 0128 32       		.byte	0x32
 767 0129 00       		.byte	0
 768 012a 00       		.byte	0
 769 012b 0A       		.uleb128 0xa
 770 012c 37030000 		.4byte	.LASF18
 771 0130 01       		.byte	0x1
 772 0131 74       		.byte	0x74
 773 0132 00000000 		.4byte	.LFB37
 774 0136 3A000000 		.4byte	.LFE37-.LFB37
 775 013a 01       		.uleb128 0x1
 776 013b 9C       		.byte	0x9c
 777 013c EA010000 		.4byte	0x1ea
 778 0140 07       		.uleb128 0x7
 779 0141 08000000 		.4byte	.LVL8
 780 0145 4D070000 		.4byte	0x74d
 781 0149 53010000 		.4byte	0x153
 782 014d 08       		.uleb128 0x8
 783 014e 01       		.uleb128 0x1
 784 014f 50       		.byte	0x50
 785 0150 01       		.uleb128 0x1
 786 0151 30       		.byte	0x30
 787 0152 00       		.byte	0
 788 0153 07       		.uleb128 0x7
 789 0154 0E000000 		.4byte	.LVL9
 790 0158 58070000 		.4byte	0x758
 791 015c 66010000 		.4byte	0x166
 792 0160 08       		.uleb128 0x8
 793 0161 01       		.uleb128 0x1
 794 0162 50       		.byte	0x50
 795 0163 01       		.uleb128 0x1
 796 0164 31       		.byte	0x31
 797 0165 00       		.byte	0
 798 0166 07       		.uleb128 0x7
 799 0167 14000000 		.4byte	.LVL10
ARM GAS  C:\Users\carles\AppData\Local\Temp\ccxofVWi.s 			page 19


 800 016b 63070000 		.4byte	0x763
 801 016f 79010000 		.4byte	0x179
 802 0173 08       		.uleb128 0x8
 803 0174 01       		.uleb128 0x1
 804 0175 50       		.byte	0x50
 805 0176 01       		.uleb128 0x1
 806 0177 31       		.byte	0x31
 807 0178 00       		.byte	0
 808 0179 07       		.uleb128 0x7
 809 017a 1A000000 		.4byte	.LVL11
 810 017e 6E070000 		.4byte	0x76e
 811 0182 8C010000 		.4byte	0x18c
 812 0186 08       		.uleb128 0x8
 813 0187 01       		.uleb128 0x1
 814 0188 50       		.byte	0x50
 815 0189 01       		.uleb128 0x1
 816 018a 31       		.byte	0x31
 817 018b 00       		.byte	0
 818 018c 07       		.uleb128 0x7
 819 018d 20000000 		.4byte	.LVL12
 820 0191 79070000 		.4byte	0x779
 821 0195 9F010000 		.4byte	0x19f
 822 0199 08       		.uleb128 0x8
 823 019a 01       		.uleb128 0x1
 824 019b 50       		.byte	0x50
 825 019c 01       		.uleb128 0x1
 826 019d 30       		.byte	0x30
 827 019e 00       		.byte	0
 828 019f 07       		.uleb128 0x7
 829 01a0 26000000 		.4byte	.LVL13
 830 01a4 84070000 		.4byte	0x784
 831 01a8 B2010000 		.4byte	0x1b2
 832 01ac 08       		.uleb128 0x8
 833 01ad 01       		.uleb128 0x1
 834 01ae 50       		.byte	0x50
 835 01af 01       		.uleb128 0x1
 836 01b0 31       		.byte	0x31
 837 01b1 00       		.byte	0
 838 01b2 07       		.uleb128 0x7
 839 01b3 2C000000 		.4byte	.LVL14
 840 01b7 8F070000 		.4byte	0x78f
 841 01bb C5010000 		.4byte	0x1c5
 842 01bf 08       		.uleb128 0x8
 843 01c0 01       		.uleb128 0x1
 844 01c1 50       		.byte	0x50
 845 01c2 01       		.uleb128 0x1
 846 01c3 30       		.byte	0x30
 847 01c4 00       		.byte	0
 848 01c5 07       		.uleb128 0x7
 849 01c6 32000000 		.4byte	.LVL15
 850 01ca 9A070000 		.4byte	0x79a
 851 01ce D9010000 		.4byte	0x1d9
 852 01d2 08       		.uleb128 0x8
 853 01d3 01       		.uleb128 0x1
 854 01d4 50       		.byte	0x50
 855 01d5 02       		.uleb128 0x2
 856 01d6 08       		.byte	0x8
ARM GAS  C:\Users\carles\AppData\Local\Temp\ccxofVWi.s 			page 20


 857 01d7 23       		.byte	0x23
 858 01d8 00       		.byte	0
 859 01d9 09       		.uleb128 0x9
 860 01da 38000000 		.4byte	.LVL16
 861 01de A6070000 		.4byte	0x7a6
 862 01e2 08       		.uleb128 0x8
 863 01e3 01       		.uleb128 0x1
 864 01e4 50       		.byte	0x50
 865 01e5 02       		.uleb128 0x2
 866 01e6 08       		.byte	0x8
 867 01e7 23       		.byte	0x23
 868 01e8 00       		.byte	0
 869 01e9 00       		.byte	0
 870 01ea 0A       		.uleb128 0xa
 871 01eb 4C000000 		.4byte	.LASF19
 872 01ef 01       		.byte	0x1
 873 01f0 83       		.byte	0x83
 874 01f1 00000000 		.4byte	.LFB38
 875 01f5 3A000000 		.4byte	.LFE38-.LFB38
 876 01f9 01       		.uleb128 0x1
 877 01fa 9C       		.byte	0x9c
 878 01fb A9020000 		.4byte	0x2a9
 879 01ff 07       		.uleb128 0x7
 880 0200 08000000 		.4byte	.LVL17
 881 0204 4D070000 		.4byte	0x74d
 882 0208 12020000 		.4byte	0x212
 883 020c 08       		.uleb128 0x8
 884 020d 01       		.uleb128 0x1
 885 020e 50       		.byte	0x50
 886 020f 01       		.uleb128 0x1
 887 0210 31       		.byte	0x31
 888 0211 00       		.byte	0
 889 0212 07       		.uleb128 0x7
 890 0213 0E000000 		.4byte	.LVL18
 891 0217 58070000 		.4byte	0x758
 892 021b 25020000 		.4byte	0x225
 893 021f 08       		.uleb128 0x8
 894 0220 01       		.uleb128 0x1
 895 0221 50       		.byte	0x50
 896 0222 01       		.uleb128 0x1
 897 0223 30       		.byte	0x30
 898 0224 00       		.byte	0
 899 0225 07       		.uleb128 0x7
 900 0226 14000000 		.4byte	.LVL19
 901 022a 63070000 		.4byte	0x763
 902 022e 38020000 		.4byte	0x238
 903 0232 08       		.uleb128 0x8
 904 0233 01       		.uleb128 0x1
 905 0234 50       		.byte	0x50
 906 0235 01       		.uleb128 0x1
 907 0236 31       		.byte	0x31
 908 0237 00       		.byte	0
 909 0238 07       		.uleb128 0x7
 910 0239 1A000000 		.4byte	.LVL20
 911 023d 6E070000 		.4byte	0x76e
 912 0241 4B020000 		.4byte	0x24b
 913 0245 08       		.uleb128 0x8
ARM GAS  C:\Users\carles\AppData\Local\Temp\ccxofVWi.s 			page 21


 914 0246 01       		.uleb128 0x1
 915 0247 50       		.byte	0x50
 916 0248 01       		.uleb128 0x1
 917 0249 30       		.byte	0x30
 918 024a 00       		.byte	0
 919 024b 07       		.uleb128 0x7
 920 024c 20000000 		.4byte	.LVL21
 921 0250 79070000 		.4byte	0x779
 922 0254 5E020000 		.4byte	0x25e
 923 0258 08       		.uleb128 0x8
 924 0259 01       		.uleb128 0x1
 925 025a 50       		.byte	0x50
 926 025b 01       		.uleb128 0x1
 927 025c 31       		.byte	0x31
 928 025d 00       		.byte	0
 929 025e 07       		.uleb128 0x7
 930 025f 26000000 		.4byte	.LVL22
 931 0263 84070000 		.4byte	0x784
 932 0267 71020000 		.4byte	0x271
 933 026b 08       		.uleb128 0x8
 934 026c 01       		.uleb128 0x1
 935 026d 50       		.byte	0x50
 936 026e 01       		.uleb128 0x1
 937 026f 30       		.byte	0x30
 938 0270 00       		.byte	0
 939 0271 07       		.uleb128 0x7
 940 0272 2C000000 		.4byte	.LVL23
 941 0276 8F070000 		.4byte	0x78f
 942 027a 84020000 		.4byte	0x284
 943 027e 08       		.uleb128 0x8
 944 027f 01       		.uleb128 0x1
 945 0280 50       		.byte	0x50
 946 0281 01       		.uleb128 0x1
 947 0282 31       		.byte	0x31
 948 0283 00       		.byte	0
 949 0284 07       		.uleb128 0x7
 950 0285 32000000 		.4byte	.LVL24
 951 0289 9A070000 		.4byte	0x79a
 952 028d 98020000 		.4byte	0x298
 953 0291 08       		.uleb128 0x8
 954 0292 01       		.uleb128 0x1
 955 0293 50       		.byte	0x50
 956 0294 02       		.uleb128 0x2
 957 0295 08       		.byte	0x8
 958 0296 23       		.byte	0x23
 959 0297 00       		.byte	0
 960 0298 09       		.uleb128 0x9
 961 0299 38000000 		.4byte	.LVL25
 962 029d A6070000 		.4byte	0x7a6
 963 02a1 08       		.uleb128 0x8
 964 02a2 01       		.uleb128 0x1
 965 02a3 50       		.byte	0x50
 966 02a4 02       		.uleb128 0x2
 967 02a5 08       		.byte	0x8
 968 02a6 23       		.byte	0x23
 969 02a7 00       		.byte	0
 970 02a8 00       		.byte	0
ARM GAS  C:\Users\carles\AppData\Local\Temp\ccxofVWi.s 			page 22


 971 02a9 0A       		.uleb128 0xa
 972 02aa BA030000 		.4byte	.LASF20
 973 02ae 01       		.byte	0x1
 974 02af 91       		.byte	0x91
 975 02b0 00000000 		.4byte	.LFB39
 976 02b4 3A000000 		.4byte	.LFE39-.LFB39
 977 02b8 01       		.uleb128 0x1
 978 02b9 9C       		.byte	0x9c
 979 02ba 68030000 		.4byte	0x368
 980 02be 07       		.uleb128 0x7
 981 02bf 08000000 		.4byte	.LVL26
 982 02c3 4D070000 		.4byte	0x74d
 983 02c7 D1020000 		.4byte	0x2d1
 984 02cb 08       		.uleb128 0x8
 985 02cc 01       		.uleb128 0x1
 986 02cd 50       		.byte	0x50
 987 02ce 01       		.uleb128 0x1
 988 02cf 31       		.byte	0x31
 989 02d0 00       		.byte	0
 990 02d1 07       		.uleb128 0x7
 991 02d2 0E000000 		.4byte	.LVL27
 992 02d6 58070000 		.4byte	0x758
 993 02da E4020000 		.4byte	0x2e4
 994 02de 08       		.uleb128 0x8
 995 02df 01       		.uleb128 0x1
 996 02e0 50       		.byte	0x50
 997 02e1 01       		.uleb128 0x1
 998 02e2 30       		.byte	0x30
 999 02e3 00       		.byte	0
 1000 02e4 07       		.uleb128 0x7
 1001 02e5 14000000 		.4byte	.LVL28
 1002 02e9 63070000 		.4byte	0x763
 1003 02ed F7020000 		.4byte	0x2f7
 1004 02f1 08       		.uleb128 0x8
 1005 02f2 01       		.uleb128 0x1
 1006 02f3 50       		.byte	0x50
 1007 02f4 01       		.uleb128 0x1
 1008 02f5 30       		.byte	0x30
 1009 02f6 00       		.byte	0
 1010 02f7 07       		.uleb128 0x7
 1011 02f8 1A000000 		.4byte	.LVL29
 1012 02fc 6E070000 		.4byte	0x76e
 1013 0300 0A030000 		.4byte	0x30a
 1014 0304 08       		.uleb128 0x8
 1015 0305 01       		.uleb128 0x1
 1016 0306 50       		.byte	0x50
 1017 0307 01       		.uleb128 0x1
 1018 0308 31       		.byte	0x31
 1019 0309 00       		.byte	0
 1020 030a 07       		.uleb128 0x7
 1021 030b 20000000 		.4byte	.LVL30
 1022 030f 79070000 		.4byte	0x779
 1023 0313 1D030000 		.4byte	0x31d
 1024 0317 08       		.uleb128 0x8
 1025 0318 01       		.uleb128 0x1
 1026 0319 50       		.byte	0x50
 1027 031a 01       		.uleb128 0x1
ARM GAS  C:\Users\carles\AppData\Local\Temp\ccxofVWi.s 			page 23


 1028 031b 30       		.byte	0x30
 1029 031c 00       		.byte	0
 1030 031d 07       		.uleb128 0x7
 1031 031e 26000000 		.4byte	.LVL31
 1032 0322 84070000 		.4byte	0x784
 1033 0326 30030000 		.4byte	0x330
 1034 032a 08       		.uleb128 0x8
 1035 032b 01       		.uleb128 0x1
 1036 032c 50       		.byte	0x50
 1037 032d 01       		.uleb128 0x1
 1038 032e 30       		.byte	0x30
 1039 032f 00       		.byte	0
 1040 0330 07       		.uleb128 0x7
 1041 0331 2C000000 		.4byte	.LVL32
 1042 0335 8F070000 		.4byte	0x78f
 1043 0339 43030000 		.4byte	0x343
 1044 033d 08       		.uleb128 0x8
 1045 033e 01       		.uleb128 0x1
 1046 033f 50       		.byte	0x50
 1047 0340 01       		.uleb128 0x1
 1048 0341 31       		.byte	0x31
 1049 0342 00       		.byte	0
 1050 0343 07       		.uleb128 0x7
 1051 0344 32000000 		.4byte	.LVL33
 1052 0348 9A070000 		.4byte	0x79a
 1053 034c 57030000 		.4byte	0x357
 1054 0350 08       		.uleb128 0x8
 1055 0351 01       		.uleb128 0x1
 1056 0352 50       		.byte	0x50
 1057 0353 02       		.uleb128 0x2
 1058 0354 08       		.byte	0x8
 1059 0355 28       		.byte	0x28
 1060 0356 00       		.byte	0
 1061 0357 09       		.uleb128 0x9
 1062 0358 38000000 		.4byte	.LVL34
 1063 035c A6070000 		.4byte	0x7a6
 1064 0360 08       		.uleb128 0x8
 1065 0361 01       		.uleb128 0x1
 1066 0362 50       		.byte	0x50
 1067 0363 02       		.uleb128 0x2
 1068 0364 08       		.byte	0x8
 1069 0365 28       		.byte	0x28
 1070 0366 00       		.byte	0
 1071 0367 00       		.byte	0
 1072 0368 0A       		.uleb128 0xa
 1073 0369 A2030000 		.4byte	.LASF21
 1074 036d 01       		.byte	0x1
 1075 036e 9F       		.byte	0x9f
 1076 036f 00000000 		.4byte	.LFB40
 1077 0373 3A000000 		.4byte	.LFE40-.LFB40
 1078 0377 01       		.uleb128 0x1
 1079 0378 9C       		.byte	0x9c
 1080 0379 27040000 		.4byte	0x427
 1081 037d 07       		.uleb128 0x7
 1082 037e 08000000 		.4byte	.LVL35
 1083 0382 4D070000 		.4byte	0x74d
 1084 0386 90030000 		.4byte	0x390
ARM GAS  C:\Users\carles\AppData\Local\Temp\ccxofVWi.s 			page 24


 1085 038a 08       		.uleb128 0x8
 1086 038b 01       		.uleb128 0x1
 1087 038c 50       		.byte	0x50
 1088 038d 01       		.uleb128 0x1
 1089 038e 30       		.byte	0x30
 1090 038f 00       		.byte	0
 1091 0390 07       		.uleb128 0x7
 1092 0391 0E000000 		.4byte	.LVL36
 1093 0395 58070000 		.4byte	0x758
 1094 0399 A3030000 		.4byte	0x3a3
 1095 039d 08       		.uleb128 0x8
 1096 039e 01       		.uleb128 0x1
 1097 039f 50       		.byte	0x50
 1098 03a0 01       		.uleb128 0x1
 1099 03a1 30       		.byte	0x30
 1100 03a2 00       		.byte	0
 1101 03a3 07       		.uleb128 0x7
 1102 03a4 14000000 		.4byte	.LVL37
 1103 03a8 63070000 		.4byte	0x763
 1104 03ac B6030000 		.4byte	0x3b6
 1105 03b0 08       		.uleb128 0x8
 1106 03b1 01       		.uleb128 0x1
 1107 03b2 50       		.byte	0x50
 1108 03b3 01       		.uleb128 0x1
 1109 03b4 31       		.byte	0x31
 1110 03b5 00       		.byte	0
 1111 03b6 07       		.uleb128 0x7
 1112 03b7 1A000000 		.4byte	.LVL38
 1113 03bb 6E070000 		.4byte	0x76e
 1114 03bf C9030000 		.4byte	0x3c9
 1115 03c3 08       		.uleb128 0x8
 1116 03c4 01       		.uleb128 0x1
 1117 03c5 50       		.byte	0x50
 1118 03c6 01       		.uleb128 0x1
 1119 03c7 30       		.byte	0x30
 1120 03c8 00       		.byte	0
 1121 03c9 07       		.uleb128 0x7
 1122 03ca 20000000 		.4byte	.LVL39
 1123 03ce 79070000 		.4byte	0x779
 1124 03d2 DC030000 		.4byte	0x3dc
 1125 03d6 08       		.uleb128 0x8
 1126 03d7 01       		.uleb128 0x1
 1127 03d8 50       		.byte	0x50
 1128 03d9 01       		.uleb128 0x1
 1129 03da 31       		.byte	0x31
 1130 03db 00       		.byte	0
 1131 03dc 07       		.uleb128 0x7
 1132 03dd 26000000 		.4byte	.LVL40
 1133 03e1 84070000 		.4byte	0x784
 1134 03e5 EF030000 		.4byte	0x3ef
 1135 03e9 08       		.uleb128 0x8
 1136 03ea 01       		.uleb128 0x1
 1137 03eb 50       		.byte	0x50
 1138 03ec 01       		.uleb128 0x1
 1139 03ed 31       		.byte	0x31
 1140 03ee 00       		.byte	0
 1141 03ef 07       		.uleb128 0x7
ARM GAS  C:\Users\carles\AppData\Local\Temp\ccxofVWi.s 			page 25


 1142 03f0 2C000000 		.4byte	.LVL41
 1143 03f4 8F070000 		.4byte	0x78f
 1144 03f8 02040000 		.4byte	0x402
 1145 03fc 08       		.uleb128 0x8
 1146 03fd 01       		.uleb128 0x1
 1147 03fe 50       		.byte	0x50
 1148 03ff 01       		.uleb128 0x1
 1149 0400 30       		.byte	0x30
 1150 0401 00       		.byte	0
 1151 0402 07       		.uleb128 0x7
 1152 0403 32000000 		.4byte	.LVL42
 1153 0407 9A070000 		.4byte	0x79a
 1154 040b 16040000 		.4byte	0x416
 1155 040f 08       		.uleb128 0x8
 1156 0410 01       		.uleb128 0x1
 1157 0411 50       		.byte	0x50
 1158 0412 02       		.uleb128 0x2
 1159 0413 08       		.byte	0x8
 1160 0414 28       		.byte	0x28
 1161 0415 00       		.byte	0
 1162 0416 09       		.uleb128 0x9
 1163 0417 38000000 		.4byte	.LVL43
 1164 041b A6070000 		.4byte	0x7a6
 1165 041f 08       		.uleb128 0x8
 1166 0420 01       		.uleb128 0x1
 1167 0421 50       		.byte	0x50
 1168 0422 02       		.uleb128 0x2
 1169 0423 08       		.byte	0x8
 1170 0424 28       		.byte	0x28
 1171 0425 00       		.byte	0
 1172 0426 00       		.byte	0
 1173 0427 0A       		.uleb128 0xa
 1174 0428 89030000 		.4byte	.LASF22
 1175 042c 01       		.byte	0x1
 1176 042d AE       		.byte	0xae
 1177 042e 00000000 		.4byte	.LFB41
 1178 0432 3A000000 		.4byte	.LFE41-.LFB41
 1179 0436 01       		.uleb128 0x1
 1180 0437 9C       		.byte	0x9c
 1181 0438 E4040000 		.4byte	0x4e4
 1182 043c 07       		.uleb128 0x7
 1183 043d 08000000 		.4byte	.LVL44
 1184 0441 4D070000 		.4byte	0x74d
 1185 0445 4F040000 		.4byte	0x44f
 1186 0449 08       		.uleb128 0x8
 1187 044a 01       		.uleb128 0x1
 1188 044b 50       		.byte	0x50
 1189 044c 01       		.uleb128 0x1
 1190 044d 31       		.byte	0x31
 1191 044e 00       		.byte	0
 1192 044f 07       		.uleb128 0x7
 1193 0450 0E000000 		.4byte	.LVL45
 1194 0454 58070000 		.4byte	0x758
 1195 0458 62040000 		.4byte	0x462
 1196 045c 08       		.uleb128 0x8
 1197 045d 01       		.uleb128 0x1
 1198 045e 50       		.byte	0x50
ARM GAS  C:\Users\carles\AppData\Local\Temp\ccxofVWi.s 			page 26


 1199 045f 01       		.uleb128 0x1
 1200 0460 31       		.byte	0x31
 1201 0461 00       		.byte	0
 1202 0462 07       		.uleb128 0x7
 1203 0463 14000000 		.4byte	.LVL46
 1204 0467 63070000 		.4byte	0x763
 1205 046b 75040000 		.4byte	0x475
 1206 046f 08       		.uleb128 0x8
 1207 0470 01       		.uleb128 0x1
 1208 0471 50       		.byte	0x50
 1209 0472 01       		.uleb128 0x1
 1210 0473 30       		.byte	0x30
 1211 0474 00       		.byte	0
 1212 0475 07       		.uleb128 0x7
 1213 0476 1A000000 		.4byte	.LVL47
 1214 047a 6E070000 		.4byte	0x76e
 1215 047e 88040000 		.4byte	0x488
 1216 0482 08       		.uleb128 0x8
 1217 0483 01       		.uleb128 0x1
 1218 0484 50       		.byte	0x50
 1219 0485 01       		.uleb128 0x1
 1220 0486 31       		.byte	0x31
 1221 0487 00       		.byte	0
 1222 0488 07       		.uleb128 0x7
 1223 0489 20000000 		.4byte	.LVL48
 1224 048d 79070000 		.4byte	0x779
 1225 0491 9B040000 		.4byte	0x49b
 1226 0495 08       		.uleb128 0x8
 1227 0496 01       		.uleb128 0x1
 1228 0497 50       		.byte	0x50
 1229 0498 01       		.uleb128 0x1
 1230 0499 31       		.byte	0x31
 1231 049a 00       		.byte	0
 1232 049b 07       		.uleb128 0x7
 1233 049c 26000000 		.4byte	.LVL49
 1234 04a0 84070000 		.4byte	0x784
 1235 04a4 AE040000 		.4byte	0x4ae
 1236 04a8 08       		.uleb128 0x8
 1237 04a9 01       		.uleb128 0x1
 1238 04aa 50       		.byte	0x50
 1239 04ab 01       		.uleb128 0x1
 1240 04ac 31       		.byte	0x31
 1241 04ad 00       		.byte	0
 1242 04ae 07       		.uleb128 0x7
 1243 04af 2C000000 		.4byte	.LVL50
 1244 04b3 8F070000 		.4byte	0x78f
 1245 04b7 C1040000 		.4byte	0x4c1
 1246 04bb 08       		.uleb128 0x8
 1247 04bc 01       		.uleb128 0x1
 1248 04bd 50       		.byte	0x50
 1249 04be 01       		.uleb128 0x1
 1250 04bf 31       		.byte	0x31
 1251 04c0 00       		.byte	0
 1252 04c1 07       		.uleb128 0x7
 1253 04c2 32000000 		.4byte	.LVL51
 1254 04c6 9A070000 		.4byte	0x79a
 1255 04ca D4040000 		.4byte	0x4d4
ARM GAS  C:\Users\carles\AppData\Local\Temp\ccxofVWi.s 			page 27


 1256 04ce 08       		.uleb128 0x8
 1257 04cf 01       		.uleb128 0x1
 1258 04d0 50       		.byte	0x50
 1259 04d1 01       		.uleb128 0x1
 1260 04d2 31       		.byte	0x31
 1261 04d3 00       		.byte	0
 1262 04d4 09       		.uleb128 0x9
 1263 04d5 38000000 		.4byte	.LVL52
 1264 04d9 A6070000 		.4byte	0x7a6
 1265 04dd 08       		.uleb128 0x8
 1266 04de 01       		.uleb128 0x1
 1267 04df 50       		.byte	0x50
 1268 04e0 01       		.uleb128 0x1
 1269 04e1 31       		.byte	0x31
 1270 04e2 00       		.byte	0
 1271 04e3 00       		.byte	0
 1272 04e4 0A       		.uleb128 0xa
 1273 04e5 82000000 		.4byte	.LASF23
 1274 04e9 01       		.byte	0x1
 1275 04ea BD       		.byte	0xbd
 1276 04eb 00000000 		.4byte	.LFB42
 1277 04ef 0A000000 		.4byte	.LFE42-.LFB42
 1278 04f3 01       		.uleb128 0x1
 1279 04f4 9C       		.byte	0x9c
 1280 04f5 09050000 		.4byte	0x509
 1281 04f9 09       		.uleb128 0x9
 1282 04fa 08000000 		.4byte	.LVL53
 1283 04fe B2070000 		.4byte	0x7b2
 1284 0502 08       		.uleb128 0x8
 1285 0503 01       		.uleb128 0x1
 1286 0504 50       		.byte	0x50
 1287 0505 01       		.uleb128 0x1
 1288 0506 31       		.byte	0x31
 1289 0507 00       		.byte	0
 1290 0508 00       		.byte	0
 1291 0509 0A       		.uleb128 0xa
 1292 050a 00000000 		.4byte	.LASF24
 1293 050e 01       		.byte	0x1
 1294 050f C2       		.byte	0xc2
 1295 0510 00000000 		.4byte	.LFB43
 1296 0514 0A000000 		.4byte	.LFE43-.LFB43
 1297 0518 01       		.uleb128 0x1
 1298 0519 9C       		.byte	0x9c
 1299 051a 2E050000 		.4byte	0x52e
 1300 051e 09       		.uleb128 0x9
 1301 051f 08000000 		.4byte	.LVL54
 1302 0523 B2070000 		.4byte	0x7b2
 1303 0527 08       		.uleb128 0x8
 1304 0528 01       		.uleb128 0x1
 1305 0529 50       		.byte	0x50
 1306 052a 01       		.uleb128 0x1
 1307 052b 30       		.byte	0x30
 1308 052c 00       		.byte	0
 1309 052d 00       		.byte	0
 1310 052e 0B       		.uleb128 0xb
 1311 052f 4A020000 		.4byte	.LASF58
 1312 0533 01       		.byte	0x1
ARM GAS  C:\Users\carles\AppData\Local\Temp\ccxofVWi.s 			page 28


 1313 0534 38       		.byte	0x38
 1314 0535 5D000000 		.4byte	0x5d
 1315 0539 00000000 		.4byte	.LFB36
 1316 053d B8000000 		.4byte	.LFE36-.LFB36
 1317 0541 01       		.uleb128 0x1
 1318 0542 9C       		.byte	0x9c
 1319 0543 98060000 		.4byte	0x698
 1320 0547 06       		.uleb128 0x6
 1321 0548 08000000 		.4byte	.LVL55
 1322 054c BD070000 		.4byte	0x7bd
 1323 0550 06       		.uleb128 0x6
 1324 0551 0C000000 		.4byte	.LVL56
 1325 0555 C9070000 		.4byte	0x7c9
 1326 0559 06       		.uleb128 0x6
 1327 055a 10000000 		.4byte	.LVL57
 1328 055e D5070000 		.4byte	0x7d5
 1329 0562 06       		.uleb128 0x6
 1330 0563 14000000 		.4byte	.LVL58
 1331 0567 E1070000 		.4byte	0x7e1
 1332 056b 07       		.uleb128 0x7
 1333 056c 1A000000 		.4byte	.LVL59
 1334 0570 ED070000 		.4byte	0x7ed
 1335 0574 82050000 		.4byte	0x582
 1336 0578 08       		.uleb128 0x8
 1337 0579 01       		.uleb128 0x1
 1338 057a 50       		.byte	0x50
 1339 057b 05       		.uleb128 0x5
 1340 057c 03       		.byte	0x3
 1341 057d 00000000 		.4byte	Counter_Interruption
 1342 0581 00       		.byte	0
 1343 0582 06       		.uleb128 0x6
 1344 0583 1E000000 		.4byte	.LVL60
 1345 0587 F8070000 		.4byte	0x7f8
 1346 058b 07       		.uleb128 0x7
 1347 058c 24000000 		.4byte	.LVL61
 1348 0590 4D070000 		.4byte	0x74d
 1349 0594 9E050000 		.4byte	0x59e
 1350 0598 08       		.uleb128 0x8
 1351 0599 01       		.uleb128 0x1
 1352 059a 50       		.byte	0x50
 1353 059b 01       		.uleb128 0x1
 1354 059c 31       		.byte	0x31
 1355 059d 00       		.byte	0
 1356 059e 07       		.uleb128 0x7
 1357 059f 2A000000 		.4byte	.LVL62
 1358 05a3 58070000 		.4byte	0x758
 1359 05a7 B1050000 		.4byte	0x5b1
 1360 05ab 08       		.uleb128 0x8
 1361 05ac 01       		.uleb128 0x1
 1362 05ad 50       		.byte	0x50
 1363 05ae 01       		.uleb128 0x1
 1364 05af 31       		.byte	0x31
 1365 05b0 00       		.byte	0
 1366 05b1 07       		.uleb128 0x7
 1367 05b2 30000000 		.4byte	.LVL63
 1368 05b6 63070000 		.4byte	0x763
 1369 05ba C4050000 		.4byte	0x5c4
ARM GAS  C:\Users\carles\AppData\Local\Temp\ccxofVWi.s 			page 29


 1370 05be 08       		.uleb128 0x8
 1371 05bf 01       		.uleb128 0x1
 1372 05c0 50       		.byte	0x50
 1373 05c1 01       		.uleb128 0x1
 1374 05c2 31       		.byte	0x31
 1375 05c3 00       		.byte	0
 1376 05c4 07       		.uleb128 0x7
 1377 05c5 36000000 		.4byte	.LVL64
 1378 05c9 03080000 		.4byte	0x803
 1379 05cd D9050000 		.4byte	0x5d9
 1380 05d1 08       		.uleb128 0x8
 1381 05d2 01       		.uleb128 0x1
 1382 05d3 50       		.byte	0x50
 1383 05d4 03       		.uleb128 0x3
 1384 05d5 0A       		.byte	0xa
 1385 05d6 B80B     		.2byte	0xbb8
 1386 05d8 00       		.byte	0
 1387 05d9 06       		.uleb128 0x6
 1388 05da 46000000 		.4byte	.LVL65
 1389 05de E4040000 		.4byte	0x4e4
 1390 05e2 06       		.uleb128 0x6
 1391 05e3 4A000000 		.4byte	.LVL66
 1392 05e7 27040000 		.4byte	0x427
 1393 05eb 07       		.uleb128 0x7
 1394 05ec 54000000 		.4byte	.LVL67
 1395 05f0 03080000 		.4byte	0x803
 1396 05f4 FF050000 		.4byte	0x5ff
 1397 05f8 08       		.uleb128 0x8
 1398 05f9 01       		.uleb128 0x1
 1399 05fa 50       		.byte	0x50
 1400 05fb 02       		.uleb128 0x2
 1401 05fc 74       		.byte	0x74
 1402 05fd 00       		.sleb128 0
 1403 05fe 00       		.byte	0
 1404 05ff 06       		.uleb128 0x6
 1405 0600 58000000 		.4byte	.LVL68
 1406 0604 09050000 		.4byte	0x509
 1407 0608 06       		.uleb128 0x6
 1408 0609 5C000000 		.4byte	.LVL69
 1409 060d EA010000 		.4byte	0x1ea
 1410 0611 07       		.uleb128 0x7
 1411 0612 62000000 		.4byte	.LVL70
 1412 0616 03080000 		.4byte	0x803
 1413 061a 25060000 		.4byte	0x625
 1414 061e 08       		.uleb128 0x8
 1415 061f 01       		.uleb128 0x1
 1416 0620 50       		.byte	0x50
 1417 0621 02       		.uleb128 0x2
 1418 0622 74       		.byte	0x74
 1419 0623 00       		.sleb128 0
 1420 0624 00       		.byte	0
 1421 0625 06       		.uleb128 0x6
 1422 0626 66000000 		.4byte	.LVL71
 1423 062a A9020000 		.4byte	0x2a9
 1424 062e 07       		.uleb128 0x7
 1425 062f 6C000000 		.4byte	.LVL72
 1426 0633 03080000 		.4byte	0x803
ARM GAS  C:\Users\carles\AppData\Local\Temp\ccxofVWi.s 			page 30


 1427 0637 42060000 		.4byte	0x642
 1428 063b 08       		.uleb128 0x8
 1429 063c 01       		.uleb128 0x1
 1430 063d 50       		.byte	0x50
 1431 063e 02       		.uleb128 0x2
 1432 063f 74       		.byte	0x74
 1433 0640 00       		.sleb128 0
 1434 0641 00       		.byte	0
 1435 0642 06       		.uleb128 0x6
 1436 0643 7C000000 		.4byte	.LVL73
 1437 0647 E4040000 		.4byte	0x4e4
 1438 064b 06       		.uleb128 0x6
 1439 064c 80000000 		.4byte	.LVL74
 1440 0650 EA010000 		.4byte	0x1ea
 1441 0654 07       		.uleb128 0x7
 1442 0655 8A000000 		.4byte	.LVL75
 1443 0659 03080000 		.4byte	0x803
 1444 065d 68060000 		.4byte	0x668
 1445 0661 08       		.uleb128 0x8
 1446 0662 01       		.uleb128 0x1
 1447 0663 50       		.byte	0x50
 1448 0664 02       		.uleb128 0x2
 1449 0665 74       		.byte	0x74
 1450 0666 00       		.sleb128 0
 1451 0667 00       		.byte	0
 1452 0668 06       		.uleb128 0x6
 1453 0669 8E000000 		.4byte	.LVL76
 1454 066d 09050000 		.4byte	0x509
 1455 0671 06       		.uleb128 0x6
 1456 0672 92000000 		.4byte	.LVL77
 1457 0676 A9020000 		.4byte	0x2a9
 1458 067a 07       		.uleb128 0x7
 1459 067b 98000000 		.4byte	.LVL78
 1460 067f 03080000 		.4byte	0x803
 1461 0683 8E060000 		.4byte	0x68e
 1462 0687 08       		.uleb128 0x8
 1463 0688 01       		.uleb128 0x1
 1464 0689 50       		.byte	0x50
 1465 068a 02       		.uleb128 0x2
 1466 068b 74       		.byte	0x74
 1467 068c 00       		.sleb128 0
 1468 068d 00       		.byte	0
 1469 068e 06       		.uleb128 0x6
 1470 068f 9C000000 		.4byte	.LVL79
 1471 0693 2B010000 		.4byte	0x12b
 1472 0697 00       		.byte	0
 1473 0698 0C       		.uleb128 0xc
 1474 0699 96030000 		.4byte	.LASF25
 1475 069d 01       		.byte	0x1
 1476 069e 12       		.byte	0x12
 1477 069f 6B000000 		.4byte	0x6b
 1478 06a3 05       		.uleb128 0x5
 1479 06a4 03       		.byte	0x3
 1480 06a5 00000000 		.4byte	contador_ms
 1481 06a9 0C       		.uleb128 0xc
 1482 06aa 44030000 		.4byte	.LASF26
 1483 06ae 01       		.byte	0x1
ARM GAS  C:\Users\carles\AppData\Local\Temp\ccxofVWi.s 			page 31


 1484 06af 13       		.byte	0x13
 1485 06b0 6B000000 		.4byte	0x6b
 1486 06b4 05       		.uleb128 0x5
 1487 06b5 03       		.byte	0x3
 1488 06b6 00000000 		.4byte	max_s_contador
 1489 06ba 0C       		.uleb128 0xc
 1490 06bb 15040000 		.4byte	.LASF27
 1491 06bf 01       		.byte	0x1
 1492 06c0 14       		.byte	0x14
 1493 06c1 6B000000 		.4byte	0x6b
 1494 06c5 05       		.uleb128 0x5
 1495 06c6 03       		.byte	0x3
 1496 06c7 00000000 		.4byte	distancia_cm
 1497 06cb 0C       		.uleb128 0xc
 1498 06cc 98020000 		.4byte	.LASF28
 1499 06d0 01       		.byte	0x1
 1500 06d1 15       		.byte	0x15
 1501 06d2 6B000000 		.4byte	0x6b
 1502 06d6 05       		.uleb128 0x5
 1503 06d7 03       		.byte	0x3
 1504 06d8 00000000 		.4byte	distancia_cambio
 1505 06dc 0C       		.uleb128 0xc
 1506 06dd 7F020000 		.4byte	.LASF29
 1507 06e1 01       		.byte	0x1
 1508 06e2 18       		.byte	0x18
 1509 06e3 83000000 		.4byte	0x83
 1510 06e7 05       		.uleb128 0x5
 1511 06e8 03       		.byte	0x3
 1512 06e9 00000000 		.4byte	ADCmilivoltios
 1513 06ed 0C       		.uleb128 0xc
 1514 06ee 99000000 		.4byte	.LASF30
 1515 06f2 01       		.byte	0x1
 1516 06f3 19       		.byte	0x19
 1517 06f4 83000000 		.4byte	0x83
 1518 06f8 05       		.uleb128 0x5
 1519 06f9 03       		.byte	0x3
 1520 06fa 00000000 		.4byte	ADCcuentas
 1521 06fe 0D       		.uleb128 0xd
 1522 06ff 24000000 		.4byte	.LASF31
 1523 0703 24000000 		.4byte	.LASF31
 1524 0707 03       		.byte	0x3
 1525 0708 4D01     		.2byte	0x14d
 1526 070a 0E       		.uleb128 0xe
 1527 070b 7B010000 		.4byte	.LASF32
 1528 070f 7B010000 		.4byte	.LASF32
 1529 0713 04       		.byte	0x4
 1530 0714 9D       		.byte	0x9d
 1531 0715 0E       		.uleb128 0xe
 1532 0716 A6010000 		.4byte	.LASF33
 1533 071a A6010000 		.4byte	.LASF33
 1534 071e 04       		.byte	0x4
 1535 071f 9F       		.byte	0x9f
 1536 0720 0E       		.uleb128 0xe
 1537 0721 C6010000 		.4byte	.LASF34
 1538 0725 C6010000 		.4byte	.LASF34
 1539 0729 04       		.byte	0x4
 1540 072a A0       		.byte	0xa0
ARM GAS  C:\Users\carles\AppData\Local\Temp\ccxofVWi.s 			page 32


 1541 072b 0E       		.uleb128 0xe
 1542 072c D6010000 		.4byte	.LASF35
 1543 0730 D6010000 		.4byte	.LASF35
 1544 0734 04       		.byte	0x4
 1545 0735 9E       		.byte	0x9e
 1546 0736 0E       		.uleb128 0xe
 1547 0737 38000000 		.4byte	.LASF36
 1548 073b 38000000 		.4byte	.LASF36
 1549 073f 04       		.byte	0x4
 1550 0740 AC       		.byte	0xac
 1551 0741 0D       		.uleb128 0xd
 1552 0742 12020000 		.4byte	.LASF37
 1553 0746 12020000 		.4byte	.LASF37
 1554 074a 03       		.byte	0x3
 1555 074b 4701     		.2byte	0x147
 1556 074d 0E       		.uleb128 0xe
 1557 074e 48010000 		.4byte	.LASF38
 1558 0752 48010000 		.4byte	.LASF38
 1559 0756 05       		.byte	0x5
 1560 0757 33       		.byte	0x33
 1561 0758 0E       		.uleb128 0xe
 1562 0759 15000000 		.4byte	.LASF39
 1563 075d 15000000 		.4byte	.LASF39
 1564 0761 06       		.byte	0x6
 1565 0762 33       		.byte	0x33
 1566 0763 0E       		.uleb128 0xe
 1567 0764 EB030000 		.4byte	.LASF40
 1568 0768 EB030000 		.4byte	.LASF40
 1569 076c 07       		.byte	0x7
 1570 076d 33       		.byte	0x33
 1571 076e 0E       		.uleb128 0xe
 1572 076f 29020000 		.4byte	.LASF41
 1573 0773 29020000 		.4byte	.LASF41
 1574 0777 08       		.byte	0x8
 1575 0778 33       		.byte	0x33
 1576 0779 0E       		.uleb128 0xe
 1577 077a AB000000 		.4byte	.LASF42
 1578 077e AB000000 		.4byte	.LASF42
 1579 0782 09       		.byte	0x9
 1580 0783 33       		.byte	0x33
 1581 0784 0E       		.uleb128 0xe
 1582 0785 2F010000 		.4byte	.LASF43
 1583 0789 2F010000 		.4byte	.LASF43
 1584 078d 0A       		.byte	0xa
 1585 078e 33       		.byte	0x33
 1586 078f 0E       		.uleb128 0xe
 1587 0790 6F000000 		.4byte	.LASF44
 1588 0794 6F000000 		.4byte	.LASF44
 1589 0798 0B       		.byte	0xb
 1590 0799 33       		.byte	0x33
 1591 079a 0D       		.uleb128 0xd
 1592 079b 53030000 		.4byte	.LASF45
 1593 079f 53030000 		.4byte	.LASF45
 1594 07a3 0C       		.byte	0xc
 1595 07a4 5501     		.2byte	0x155
 1596 07a6 0D       		.uleb128 0xd
 1597 07a7 BE000000 		.4byte	.LASF46
ARM GAS  C:\Users\carles\AppData\Local\Temp\ccxofVWi.s 			page 33


 1598 07ab BE000000 		.4byte	.LASF46
 1599 07af 0D       		.byte	0xd
 1600 07b0 5501     		.2byte	0x155
 1601 07b2 0E       		.uleb128 0xe
 1602 07b3 FA030000 		.4byte	.LASF47
 1603 07b7 FA030000 		.4byte	.LASF47
 1604 07bb 0E       		.byte	0xe
 1605 07bc 33       		.byte	0x33
 1606 07bd 0D       		.uleb128 0xd
 1607 07be BA010000 		.4byte	.LASF48
 1608 07c2 BA010000 		.4byte	.LASF48
 1609 07c6 0C       		.byte	0xc
 1610 07c7 3201     		.2byte	0x132
 1611 07c9 0D       		.uleb128 0xd
 1612 07ca 06020000 		.4byte	.LASF49
 1613 07ce 06020000 		.4byte	.LASF49
 1614 07d2 0D       		.byte	0xd
 1615 07d3 3201     		.2byte	0x132
 1616 07d5 0D       		.uleb128 0xd
 1617 07d6 E6010000 		.4byte	.LASF50
 1618 07da E6010000 		.4byte	.LASF50
 1619 07de 03       		.byte	0x3
 1620 07df 3201     		.2byte	0x132
 1621 07e1 0D       		.uleb128 0xd
 1622 07e2 4F020000 		.4byte	.LASF51
 1623 07e6 4F020000 		.4byte	.LASF51
 1624 07ea 0F       		.byte	0xf
 1625 07eb 3201     		.2byte	0x132
 1626 07ed 0E       		.uleb128 0xe
 1627 07ee 8C010000 		.4byte	.LASF52
 1628 07f2 8C010000 		.4byte	.LASF52
 1629 07f6 10       		.byte	0x10
 1630 07f7 18       		.byte	0x18
 1631 07f8 0E       		.uleb128 0xe
 1632 07f9 8E020000 		.4byte	.LASF53
 1633 07fd 8E020000 		.4byte	.LASF53
 1634 0801 04       		.byte	0x4
 1635 0802 99       		.byte	0x99
 1636 0803 0E       		.uleb128 0xe
 1637 0804 0D040000 		.4byte	.LASF54
 1638 0808 0D040000 		.4byte	.LASF54
 1639 080c 11       		.byte	0x11
 1640 080d D9       		.byte	0xd9
 1641 080e 00       		.byte	0
 1642              		.section	.debug_abbrev,"",%progbits
 1643              	.Ldebug_abbrev0:
 1644 0000 01       		.uleb128 0x1
 1645 0001 11       		.uleb128 0x11
 1646 0002 01       		.byte	0x1
 1647 0003 25       		.uleb128 0x25
 1648 0004 0E       		.uleb128 0xe
 1649 0005 13       		.uleb128 0x13
 1650 0006 0B       		.uleb128 0xb
 1651 0007 03       		.uleb128 0x3
 1652 0008 0E       		.uleb128 0xe
 1653 0009 1B       		.uleb128 0x1b
 1654 000a 0E       		.uleb128 0xe
ARM GAS  C:\Users\carles\AppData\Local\Temp\ccxofVWi.s 			page 34


 1655 000b 55       		.uleb128 0x55
 1656 000c 17       		.uleb128 0x17
 1657 000d 11       		.uleb128 0x11
 1658 000e 01       		.uleb128 0x1
 1659 000f 10       		.uleb128 0x10
 1660 0010 17       		.uleb128 0x17
 1661 0011 00       		.byte	0
 1662 0012 00       		.byte	0
 1663 0013 02       		.uleb128 0x2
 1664 0014 24       		.uleb128 0x24
 1665 0015 00       		.byte	0
 1666 0016 0B       		.uleb128 0xb
 1667 0017 0B       		.uleb128 0xb
 1668 0018 3E       		.uleb128 0x3e
 1669 0019 0B       		.uleb128 0xb
 1670 001a 03       		.uleb128 0x3
 1671 001b 0E       		.uleb128 0xe
 1672 001c 00       		.byte	0
 1673 001d 00       		.byte	0
 1674 001e 03       		.uleb128 0x3
 1675 001f 24       		.uleb128 0x24
 1676 0020 00       		.byte	0
 1677 0021 0B       		.uleb128 0xb
 1678 0022 0B       		.uleb128 0xb
 1679 0023 3E       		.uleb128 0x3e
 1680 0024 0B       		.uleb128 0xb
 1681 0025 03       		.uleb128 0x3
 1682 0026 08       		.uleb128 0x8
 1683 0027 00       		.byte	0
 1684 0028 00       		.byte	0
 1685 0029 04       		.uleb128 0x4
 1686 002a 16       		.uleb128 0x16
 1687 002b 00       		.byte	0
 1688 002c 03       		.uleb128 0x3
 1689 002d 0E       		.uleb128 0xe
 1690 002e 3A       		.uleb128 0x3a
 1691 002f 0B       		.uleb128 0xb
 1692 0030 3B       		.uleb128 0x3b
 1693 0031 05       		.uleb128 0x5
 1694 0032 49       		.uleb128 0x49
 1695 0033 13       		.uleb128 0x13
 1696 0034 00       		.byte	0
 1697 0035 00       		.byte	0
 1698 0036 05       		.uleb128 0x5
 1699 0037 2E       		.uleb128 0x2e
 1700 0038 01       		.byte	0x1
 1701 0039 3F       		.uleb128 0x3f
 1702 003a 19       		.uleb128 0x19
 1703 003b 03       		.uleb128 0x3
 1704 003c 0E       		.uleb128 0xe
 1705 003d 3A       		.uleb128 0x3a
 1706 003e 0B       		.uleb128 0xb
 1707 003f 3B       		.uleb128 0x3b
 1708 0040 0B       		.uleb128 0xb
 1709 0041 27       		.uleb128 0x27
 1710 0042 19       		.uleb128 0x19
 1711 0043 11       		.uleb128 0x11
ARM GAS  C:\Users\carles\AppData\Local\Temp\ccxofVWi.s 			page 35


 1712 0044 01       		.uleb128 0x1
 1713 0045 12       		.uleb128 0x12
 1714 0046 06       		.uleb128 0x6
 1715 0047 40       		.uleb128 0x40
 1716 0048 18       		.uleb128 0x18
 1717 0049 9642     		.uleb128 0x2116
 1718 004b 19       		.uleb128 0x19
 1719 004c 01       		.uleb128 0x1
 1720 004d 13       		.uleb128 0x13
 1721 004e 00       		.byte	0
 1722 004f 00       		.byte	0
 1723 0050 06       		.uleb128 0x6
 1724 0051 898201   		.uleb128 0x4109
 1725 0054 00       		.byte	0
 1726 0055 11       		.uleb128 0x11
 1727 0056 01       		.uleb128 0x1
 1728 0057 31       		.uleb128 0x31
 1729 0058 13       		.uleb128 0x13
 1730 0059 00       		.byte	0
 1731 005a 00       		.byte	0
 1732 005b 07       		.uleb128 0x7
 1733 005c 898201   		.uleb128 0x4109
 1734 005f 01       		.byte	0x1
 1735 0060 11       		.uleb128 0x11
 1736 0061 01       		.uleb128 0x1
 1737 0062 31       		.uleb128 0x31
 1738 0063 13       		.uleb128 0x13
 1739 0064 01       		.uleb128 0x1
 1740 0065 13       		.uleb128 0x13
 1741 0066 00       		.byte	0
 1742 0067 00       		.byte	0
 1743 0068 08       		.uleb128 0x8
 1744 0069 8A8201   		.uleb128 0x410a
 1745 006c 00       		.byte	0
 1746 006d 02       		.uleb128 0x2
 1747 006e 18       		.uleb128 0x18
 1748 006f 9142     		.uleb128 0x2111
 1749 0071 18       		.uleb128 0x18
 1750 0072 00       		.byte	0
 1751 0073 00       		.byte	0
 1752 0074 09       		.uleb128 0x9
 1753 0075 898201   		.uleb128 0x4109
 1754 0078 01       		.byte	0x1
 1755 0079 11       		.uleb128 0x11
 1756 007a 01       		.uleb128 0x1
 1757 007b 31       		.uleb128 0x31
 1758 007c 13       		.uleb128 0x13
 1759 007d 00       		.byte	0
 1760 007e 00       		.byte	0
 1761 007f 0A       		.uleb128 0xa
 1762 0080 2E       		.uleb128 0x2e
 1763 0081 01       		.byte	0x1
 1764 0082 3F       		.uleb128 0x3f
 1765 0083 19       		.uleb128 0x19
 1766 0084 03       		.uleb128 0x3
 1767 0085 0E       		.uleb128 0xe
 1768 0086 3A       		.uleb128 0x3a
ARM GAS  C:\Users\carles\AppData\Local\Temp\ccxofVWi.s 			page 36


 1769 0087 0B       		.uleb128 0xb
 1770 0088 3B       		.uleb128 0x3b
 1771 0089 0B       		.uleb128 0xb
 1772 008a 27       		.uleb128 0x27
 1773 008b 19       		.uleb128 0x19
 1774 008c 11       		.uleb128 0x11
 1775 008d 01       		.uleb128 0x1
 1776 008e 12       		.uleb128 0x12
 1777 008f 06       		.uleb128 0x6
 1778 0090 40       		.uleb128 0x40
 1779 0091 18       		.uleb128 0x18
 1780 0092 9742     		.uleb128 0x2117
 1781 0094 19       		.uleb128 0x19
 1782 0095 01       		.uleb128 0x1
 1783 0096 13       		.uleb128 0x13
 1784 0097 00       		.byte	0
 1785 0098 00       		.byte	0
 1786 0099 0B       		.uleb128 0xb
 1787 009a 2E       		.uleb128 0x2e
 1788 009b 01       		.byte	0x1
 1789 009c 3F       		.uleb128 0x3f
 1790 009d 19       		.uleb128 0x19
 1791 009e 03       		.uleb128 0x3
 1792 009f 0E       		.uleb128 0xe
 1793 00a0 3A       		.uleb128 0x3a
 1794 00a1 0B       		.uleb128 0xb
 1795 00a2 3B       		.uleb128 0x3b
 1796 00a3 0B       		.uleb128 0xb
 1797 00a4 27       		.uleb128 0x27
 1798 00a5 19       		.uleb128 0x19
 1799 00a6 49       		.uleb128 0x49
 1800 00a7 13       		.uleb128 0x13
 1801 00a8 8701     		.uleb128 0x87
 1802 00aa 19       		.uleb128 0x19
 1803 00ab 11       		.uleb128 0x11
 1804 00ac 01       		.uleb128 0x1
 1805 00ad 12       		.uleb128 0x12
 1806 00ae 06       		.uleb128 0x6
 1807 00af 40       		.uleb128 0x40
 1808 00b0 18       		.uleb128 0x18
 1809 00b1 9742     		.uleb128 0x2117
 1810 00b3 19       		.uleb128 0x19
 1811 00b4 01       		.uleb128 0x1
 1812 00b5 13       		.uleb128 0x13
 1813 00b6 00       		.byte	0
 1814 00b7 00       		.byte	0
 1815 00b8 0C       		.uleb128 0xc
 1816 00b9 34       		.uleb128 0x34
 1817 00ba 00       		.byte	0
 1818 00bb 03       		.uleb128 0x3
 1819 00bc 0E       		.uleb128 0xe
 1820 00bd 3A       		.uleb128 0x3a
 1821 00be 0B       		.uleb128 0xb
 1822 00bf 3B       		.uleb128 0x3b
 1823 00c0 0B       		.uleb128 0xb
 1824 00c1 49       		.uleb128 0x49
 1825 00c2 13       		.uleb128 0x13
ARM GAS  C:\Users\carles\AppData\Local\Temp\ccxofVWi.s 			page 37


 1826 00c3 3F       		.uleb128 0x3f
 1827 00c4 19       		.uleb128 0x19
 1828 00c5 02       		.uleb128 0x2
 1829 00c6 18       		.uleb128 0x18
 1830 00c7 00       		.byte	0
 1831 00c8 00       		.byte	0
 1832 00c9 0D       		.uleb128 0xd
 1833 00ca 2E       		.uleb128 0x2e
 1834 00cb 00       		.byte	0
 1835 00cc 3F       		.uleb128 0x3f
 1836 00cd 19       		.uleb128 0x19
 1837 00ce 3C       		.uleb128 0x3c
 1838 00cf 19       		.uleb128 0x19
 1839 00d0 6E       		.uleb128 0x6e
 1840 00d1 0E       		.uleb128 0xe
 1841 00d2 03       		.uleb128 0x3
 1842 00d3 0E       		.uleb128 0xe
 1843 00d4 3A       		.uleb128 0x3a
 1844 00d5 0B       		.uleb128 0xb
 1845 00d6 3B       		.uleb128 0x3b
 1846 00d7 05       		.uleb128 0x5
 1847 00d8 00       		.byte	0
 1848 00d9 00       		.byte	0
 1849 00da 0E       		.uleb128 0xe
 1850 00db 2E       		.uleb128 0x2e
 1851 00dc 00       		.byte	0
 1852 00dd 3F       		.uleb128 0x3f
 1853 00de 19       		.uleb128 0x19
 1854 00df 3C       		.uleb128 0x3c
 1855 00e0 19       		.uleb128 0x19
 1856 00e1 6E       		.uleb128 0x6e
 1857 00e2 0E       		.uleb128 0xe
 1858 00e3 03       		.uleb128 0x3
 1859 00e4 0E       		.uleb128 0xe
 1860 00e5 3A       		.uleb128 0x3a
 1861 00e6 0B       		.uleb128 0xb
 1862 00e7 3B       		.uleb128 0x3b
 1863 00e8 0B       		.uleb128 0xb
 1864 00e9 00       		.byte	0
 1865 00ea 00       		.byte	0
 1866 00eb 00       		.byte	0
 1867              		.section	.debug_aranges,"",%progbits
 1868 0000 5C000000 		.4byte	0x5c
 1869 0004 0200     		.2byte	0x2
 1870 0006 00000000 		.4byte	.Ldebug_info0
 1871 000a 04       		.byte	0x4
 1872 000b 00       		.byte	0
 1873 000c 0000     		.2byte	0
 1874 000e 0000     		.2byte	0
 1875 0010 00000000 		.4byte	.LFB35
 1876 0014 48000000 		.4byte	.LFE35-.LFB35
 1877 0018 00000000 		.4byte	.LFB37
 1878 001c 3A000000 		.4byte	.LFE37-.LFB37
 1879 0020 00000000 		.4byte	.LFB38
 1880 0024 3A000000 		.4byte	.LFE38-.LFB38
 1881 0028 00000000 		.4byte	.LFB39
 1882 002c 3A000000 		.4byte	.LFE39-.LFB39
ARM GAS  C:\Users\carles\AppData\Local\Temp\ccxofVWi.s 			page 38


 1883 0030 00000000 		.4byte	.LFB40
 1884 0034 3A000000 		.4byte	.LFE40-.LFB40
 1885 0038 00000000 		.4byte	.LFB41
 1886 003c 3A000000 		.4byte	.LFE41-.LFB41
 1887 0040 00000000 		.4byte	.LFB42
 1888 0044 0A000000 		.4byte	.LFE42-.LFB42
 1889 0048 00000000 		.4byte	.LFB43
 1890 004c 0A000000 		.4byte	.LFE43-.LFB43
 1891 0050 00000000 		.4byte	.LFB36
 1892 0054 B8000000 		.4byte	.LFE36-.LFB36
 1893 0058 00000000 		.4byte	0
 1894 005c 00000000 		.4byte	0
 1895              		.section	.debug_ranges,"",%progbits
 1896              	.Ldebug_ranges0:
 1897 0000 00000000 		.4byte	.LFB35
 1898 0004 48000000 		.4byte	.LFE35
 1899 0008 00000000 		.4byte	.LFB37
 1900 000c 3A000000 		.4byte	.LFE37
 1901 0010 00000000 		.4byte	.LFB38
 1902 0014 3A000000 		.4byte	.LFE38
 1903 0018 00000000 		.4byte	.LFB39
 1904 001c 3A000000 		.4byte	.LFE39
 1905 0020 00000000 		.4byte	.LFB40
 1906 0024 3A000000 		.4byte	.LFE40
 1907 0028 00000000 		.4byte	.LFB41
 1908 002c 3A000000 		.4byte	.LFE41
 1909 0030 00000000 		.4byte	.LFB42
 1910 0034 0A000000 		.4byte	.LFE42
 1911 0038 00000000 		.4byte	.LFB43
 1912 003c 0A000000 		.4byte	.LFE43
 1913 0040 00000000 		.4byte	.LFB36
 1914 0044 B8000000 		.4byte	.LFE36
 1915 0048 00000000 		.4byte	0
 1916 004c 00000000 		.4byte	0
 1917              		.section	.debug_line,"",%progbits
 1918              	.Ldebug_line0:
 1919 0000 09020000 		.section	.debug_str,"MS",%progbits,1
 1919      02001901 
 1919      00000201 
 1919      FB0E0D00 
 1919      01010101 
 1920              	.LASF24:
 1921 0000 62757A7A 		.ascii	"buzzer_pitidoApagado\000"
 1921      65725F70 
 1921      69746964 
 1921      6F417061 
 1921      6761646F 
 1922              	.LASF39:
 1923 0015 50696E5F 		.ascii	"Pin_Rojo_Write\000"
 1923      526F6A6F 
 1923      5F577269 
 1923      746500
 1924              	.LASF31:
 1925 0024 436F756E 		.ascii	"Counter_ReadCapture\000"
 1925      7465725F 
 1925      52656164 
 1925      43617074 
ARM GAS  C:\Users\carles\AppData\Local\Temp\ccxofVWi.s 			page 39


 1925      75726500 
 1926              	.LASF36:
 1927 0038 4144435F 		.ascii	"ADC_CountsTo_mVolts\000"
 1927      436F756E 
 1927      7473546F 
 1927      5F6D566F 
 1927      6C747300 
 1928              	.LASF19:
 1929 004c 726F626F 		.ascii	"robot_retrocede\000"
 1929      745F7265 
 1929      74726F63 
 1929      65646500 
 1930              	.LASF3:
 1931 005c 73686F72 		.ascii	"short unsigned int\000"
 1931      7420756E 
 1931      7369676E 
 1931      65642069 
 1931      6E7400
 1932              	.LASF44:
 1933 006f 50696E5F 		.ascii	"Pin_MotorB_R_Write\000"
 1933      4D6F746F 
 1933      72425F52 
 1933      5F577269 
 1933      746500
 1934              	.LASF23:
 1935 0082 62757A7A 		.ascii	"buzzer_pitidoEncendido\000"
 1935      65725F70 
 1935      69746964 
 1935      6F456E63 
 1935      656E6469 
 1936              	.LASF30:
 1937 0099 41444363 		.ascii	"ADCcuentas\000"
 1937      75656E74 
 1937      617300
 1938              	.LASF13:
 1939 00a4 646F7562 		.ascii	"double\000"
 1939      6C6500
 1940              	.LASF42:
 1941 00ab 50696E5F 		.ascii	"Pin_MotorA_R_Write\000"
 1941      4D6F746F 
 1941      72415F52 
 1941      5F577269 
 1941      746500
 1942              	.LASF46:
 1943 00be 50574D5F 		.ascii	"PWM_2_WriteCompare\000"
 1943      325F5772 
 1943      69746543 
 1943      6F6D7061 
 1943      726500
 1944              	.LASF57:
 1945 00d1 433A5C55 		.ascii	"C:\\Users\\carles\\Google Drive\\Universidad\\28. S"
 1945      73657273 
 1945      5C636172 
 1945      6C65735C 
 1945      476F6F67 
 1946 00ff 49545C4D 		.ascii	"IT\\Miniproyecto\\MiniProyecto\\MiniProyecto.cydsn\000"
 1946      696E6970 
ARM GAS  C:\Users\carles\AppData\Local\Temp\ccxofVWi.s 			page 40


 1946      726F7965 
 1946      63746F5C 
 1946      4D696E69 
 1947              	.LASF43:
 1948 012f 50696E5F 		.ascii	"Pin_MotorB_A_Write\000"
 1948      4D6F746F 
 1948      72425F41 
 1948      5F577269 
 1948      746500
 1949              	.LASF12:
 1950 0142 666C6F61 		.ascii	"float\000"
 1950      7400
 1951              	.LASF38:
 1952 0148 50696E5F 		.ascii	"Pin_Verde_Write\000"
 1952      56657264 
 1952      655F5772 
 1952      69746500 
 1953              	.LASF17:
 1954 0158 436F756E 		.ascii	"Counter_Interruption\000"
 1954      7465725F 
 1954      496E7465 
 1954      72727570 
 1954      74696F6E 
 1955              	.LASF1:
 1956 016d 756E7369 		.ascii	"unsigned char\000"
 1956      676E6564 
 1956      20636861 
 1956      7200
 1957              	.LASF32:
 1958 017b 4144435F 		.ascii	"ADC_StartConvert\000"
 1958      53746172 
 1958      74436F6E 
 1958      76657274 
 1958      00
 1959              	.LASF52:
 1960 018c 436F756E 		.ascii	"Counter_Int_StartEx\000"
 1960      7465725F 
 1960      496E745F 
 1960      53746172 
 1960      74457800 
 1961              	.LASF11:
 1962 01a0 696E7431 		.ascii	"int16\000"
 1962      3600
 1963              	.LASF33:
 1964 01a6 4144435F 		.ascii	"ADC_IsEndConversion\000"
 1964      4973456E 
 1964      64436F6E 
 1964      76657273 
 1964      696F6E00 
 1965              	.LASF48:
 1966 01ba 50574D5F 		.ascii	"PWM_1_Start\000"
 1966      315F5374 
 1966      61727400 
 1967              	.LASF34:
 1968 01c6 4144435F 		.ascii	"ADC_GetResult16\000"
 1968      47657452 
 1968      6573756C 
ARM GAS  C:\Users\carles\AppData\Local\Temp\ccxofVWi.s 			page 41


 1968      74313600 
 1969              	.LASF35:
 1970 01d6 4144435F 		.ascii	"ADC_StopConvert\000"
 1970      53746F70 
 1970      436F6E76 
 1970      65727400 
 1971              	.LASF50:
 1972 01e6 436F756E 		.ascii	"Counter_Start\000"
 1972      7465725F 
 1972      53746172 
 1972      7400
 1973              	.LASF5:
 1974 01f4 6C6F6E67 		.ascii	"long unsigned int\000"
 1974      20756E73 
 1974      69676E65 
 1974      6420696E 
 1974      7400
 1975              	.LASF49:
 1976 0206 50574D5F 		.ascii	"PWM_2_Start\000"
 1976      325F5374 
 1976      61727400 
 1977              	.LASF37:
 1978 0212 436F756E 		.ascii	"Counter_ClearInterrupt\000"
 1978      7465725F 
 1978      436C6561 
 1978      72496E74 
 1978      65727275 
 1979              	.LASF41:
 1980 0229 50696E5F 		.ascii	"Pin_MotorA_A_Write\000"
 1980      4D6F746F 
 1980      72415F41 
 1980      5F577269 
 1980      746500
 1981              	.LASF9:
 1982 023c 75696E74 		.ascii	"uint16\000"
 1982      313600
 1983              	.LASF10:
 1984 0243 75696E74 		.ascii	"uint32\000"
 1984      333200
 1985              	.LASF58:
 1986 024a 6D61696E 		.ascii	"main\000"
 1986      00
 1987              	.LASF51:
 1988 024f 50574D5F 		.ascii	"PWM_3_Start\000"
 1988      335F5374 
 1988      61727400 
 1989              	.LASF8:
 1990 025b 756E7369 		.ascii	"unsigned int\000"
 1990      676E6564 
 1990      20696E74 
 1990      00
 1991              	.LASF7:
 1992 0268 6C6F6E67 		.ascii	"long long unsigned int\000"
 1992      206C6F6E 
 1992      6720756E 
 1992      7369676E 
 1992      65642069 
ARM GAS  C:\Users\carles\AppData\Local\Temp\ccxofVWi.s 			page 42


 1993              	.LASF29:
 1994 027f 4144436D 		.ascii	"ADCmilivoltios\000"
 1994      696C6976 
 1994      6F6C7469 
 1994      6F7300
 1995              	.LASF53:
 1996 028e 4144435F 		.ascii	"ADC_Start\000"
 1996      53746172 
 1996      7400
 1997              	.LASF28:
 1998 0298 64697374 		.ascii	"distancia_cambio\000"
 1998      616E6369 
 1998      615F6361 
 1998      6D62696F 
 1998      00
 1999              	.LASF55:
 2000 02a9 474E5520 		.ascii	"GNU C11 5.4.1 20160609 (release) [ARM/embedded-5-br"
 2000      43313120 
 2000      352E342E 
 2000      31203230 
 2000      31363036 
 2001 02dc 616E6368 		.ascii	"anch revision 237715] -mcpu=cortex-m0 -mthumb -g -O"
 2001      20726576 
 2001      6973696F 
 2001      6E203233 
 2001      37373135 
 2002 030f 67202D66 		.ascii	"g -ffunction-sections -ffat-lto-objects\000"
 2002      66756E63 
 2002      74696F6E 
 2002      2D736563 
 2002      74696F6E 
 2003              	.LASF18:
 2004 0337 726F626F 		.ascii	"robot_avanza\000"
 2004      745F6176 
 2004      616E7A61 
 2004      00
 2005              	.LASF26:
 2006 0344 6D61785F 		.ascii	"max_s_contador\000"
 2006      735F636F 
 2006      6E746164 
 2006      6F7200
 2007              	.LASF45:
 2008 0353 50574D5F 		.ascii	"PWM_1_WriteCompare\000"
 2008      315F5772 
 2008      69746543 
 2008      6F6D7061 
 2008      726500
 2009              	.LASF6:
 2010 0366 6C6F6E67 		.ascii	"long long int\000"
 2010      206C6F6E 
 2010      6720696E 
 2010      7400
 2011              	.LASF16:
 2012 0374 73697A65 		.ascii	"sizetype\000"
 2012      74797065 
 2012      00
 2013              	.LASF56:
ARM GAS  C:\Users\carles\AppData\Local\Temp\ccxofVWi.s 			page 43


 2014 037d 6D61696E 		.ascii	"main.c\000"
 2014      2E6300
 2015              	.LASF14:
 2016 0384 63686172 		.ascii	"char\000"
 2016      00
 2017              	.LASF22:
 2018 0389 726F626F 		.ascii	"robot_parada\000"
 2018      745F7061 
 2018      72616461 
 2018      00
 2019              	.LASF25:
 2020 0396 636F6E74 		.ascii	"contador_ms\000"
 2020      61646F72 
 2020      5F6D7300 
 2021              	.LASF21:
 2022 03a2 726F626F 		.ascii	"robot_derecha\000"
 2022      745F6465 
 2022      72656368 
 2022      6100
 2023              	.LASF2:
 2024 03b0 73686F72 		.ascii	"short int\000"
 2024      7420696E 
 2024      7400
 2025              	.LASF20:
 2026 03ba 726F626F 		.ascii	"robot_izquierda\000"
 2026      745F697A 
 2026      71756965 
 2026      72646100 
 2027              	.LASF4:
 2028 03ca 6C6F6E67 		.ascii	"long int\000"
 2028      20696E74 
 2028      00
 2029              	.LASF15:
 2030 03d3 6C6F6E67 		.ascii	"long double\000"
 2030      20646F75 
 2030      626C6500 
 2031              	.LASF0:
 2032 03df 7369676E 		.ascii	"signed char\000"
 2032      65642063 
 2032      68617200 
 2033              	.LASF40:
 2034 03eb 50696E5F 		.ascii	"Pin_Azul_Write\000"
 2034      417A756C 
 2034      5F577269 
 2034      746500
 2035              	.LASF47:
 2036 03fa 50696E5F 		.ascii	"Pin_Zumbador_Write\000"
 2036      5A756D62 
 2036      61646F72 
 2036      5F577269 
 2036      746500
 2037              	.LASF54:
 2038 040d 43794465 		.ascii	"CyDelay\000"
 2038      6C617900 
 2039              	.LASF27:
 2040 0415 64697374 		.ascii	"distancia_cm\000"
 2040      616E6369 
ARM GAS  C:\Users\carles\AppData\Local\Temp\ccxofVWi.s 			page 44


 2040      615F636D 
 2040      00
 2041              		.ident	"GCC: (GNU Tools for ARM Embedded Processors) 5.4.1 20160609 (release) [ARM/embedded-5-bran
